[22:43:17] [main/INFO] (Launcher) ModLauncher running: args [--launchTarget, forgeclientdev, --version, 21.1.172, --assetIndex, 1.21.1-17, --assetsDir, C:\Users\Aidan\.gradle\caches\fabric-loom\assets, --gameDir, ., --fml.fmlVersion, 4.0.39, --fml.mcVersion, 1.21.1, --fml.neoForgeVersion, 21.1.172, --fml.neoFormVersion, 20240808.144430]
[22:43:17] [main/INFO] (Launcher) JVM identified as Oracle Corporation OpenJDK 64-Bit Server VM 22.0.2+9-70
[22:43:17] [main/INFO] (Launcher) ModLauncher 11.0.4+main.d2e20e43 starting: java version 22.0.2 by Oracle Corporation; OS Windows 11 arch amd64 version 10.0
[22:43:18] [main/INFO] (ImmediateWindowHandler) Loading ImmediateWindowProvider fmlearlywindow
[22:43:18] [main/INFO] (EARLYDISPLAY) Trying GL version 4.6
[22:43:18] [main/INFO] (EARLYDISPLAY) Requested GL version 4.6 got version 4.6
[22:43:18] [main/INFO] (mixin) SpongePowered MIXIN Subsystem Version=0.8.7 Source=union:/C:/Users/Aidan/.gradle/caches/modules-2/files-2.1/net.fabricmc/sponge-mixin/0.15.2+mixin.0.8.7/2af2f021d8e02a0220dc27a7a72b4666d66d44ca/sponge-mixin-0.15.2+mixin.0.8.7.jar%23125!/ Service=ModLauncher Env=CLIENT
[22:43:18] [main/INFO] (ModDiscoverer) Found mod file "neoforge-21.1.172-minecraft-merged-c8bcd81ab4-1.21.1-loom.mappings.1_21_1.layered+hash.729439609-v2-neoforge-21.1.172.jar" [locator: neoforge devenv provider ([C:\Users\Aidan\IdeaProjects\StarWarsMod\.gradle\loom-cache\minecraftMaven\net\minecraft\neoforge-21.1.172-minecraft-merged-c8bcd81ab4\1.21.1-loom.mappings.1_21_1.layered+hash.729439609-v2-neoforge-21.1.172\neoforge-21.1.172-minecraft-merged-c8bcd81ab4-1.21.1-loom.mappings.1_21_1.layered+hash.729439609-v2-neoforge-21.1.172.jar])]
[22:43:18] [main/INFO] (ModDiscoverer) Found mod file "neoforge-21.1.172-minecraft-merged-c8bcd81ab4-1.21.1-loom.mappings.1_21_1.layered+hash.729439609-v2-neoforge-21.1.172.jar" [locator: neoforge devenv provider ([C:\Users\Aidan\IdeaProjects\StarWarsMod\.gradle\loom-cache\minecraftMaven\net\minecraft\neoforge-21.1.172-minecraft-merged-c8bcd81ab4\1.21.1-loom.mappings.1_21_1.layered+hash.729439609-v2-neoforge-21.1.172\neoforge-21.1.172-minecraft-merged-c8bcd81ab4-1.21.1-loom.mappings.1_21_1.layered+hash.729439609-v2-neoforge-21.1.172.jar])]
[22:43:18] [main/INFO] (ModDiscoverer) Found mod file "main" [locator: userdev mods and services, reader: mod manifest]
[22:43:18] [main/INFO] (ModDiscoverer) Found mod file "neoforge-21.1.172-minecraft-merged-c8bcd81ab4-1.21.1-loom.mappings.1_21_1.layered+hash.729439609-v2-neoforge-21.1.172.jar" [locator: userdev mods and services, reader: mod manifest]
[22:43:18] [main/INFO] (ModDiscoverer) Found mod file "architectury-neoforge-13.0.8.jar" [locator: userdev mods and services, reader: mod manifest]
[22:43:18] [main/INFO] (ModDiscoverer) Found mod file "11103949977345438368.jar" [locator: userdev mods and services, reader: mod manifest]
[22:43:18] [main/INFO] (ModDiscoverer) Found gamelibrary file "mixinextras-neoforge-0.4.1.jar" [locator: userdev mods and services, reader: mod manifest]
[22:43:18] [pool-5-thread-1/INFO] (EARLYDISPLAY) GL info: NVIDIA GeForce RTX 3070 Ti/PCIe/SSE2 GL version 4.6.0 NVIDIA 566.36, NVIDIA Corporation
[22:43:18] [main/WARN] (JarSelector) Attempted to select a dependency jar for JarJar which was passed in as source: library:mixinextras.neoforge. Using Mod File: C:\Users\Aidan\.gradle\caches\modules-2\files-2.1\io.github.llamalad7\mixinextras-neoforge\0.4.1\eff97772ecd0dcf8e52cdbafd3b3ccec425f8314\mixinextras-neoforge-0.4.1.jar
[22:43:18] [main/INFO] (JarInJarDependencyLocator) Found 1 dependencies adding them to mods collection
[22:43:18] [main/INFO] (ModDiscoverer) Found library file "net.neoforged.neoforge-coremods-21.1.172.jar" [parent: neoforge-21.1.172-minecraft-merged-c8bcd81ab4-1.21.1-loom.mappings.1_21_1.layered+hash.729439609-v2-neoforge-21.1.172.jar, locator: jarinjar, reader: mod manifest]
[22:43:18] [main/INFO] (ModDiscoverer) 
     Mod List:
		Name Version (Mod Id)

		Architectury 13.0.8 (architectury)
		generated_160a22d 1 (generated_160a22d)
		Minecraft 1.21.1 (minecraft)
		NeoForge 21.1.172 (neoforge)
		Star Wars Mod 2.0.1 (swm)
[22:43:19] [main/INFO] (mixin) Compatibility level set to JAVA_21
[22:43:19] [main/INFO] (LaunchServiceHandler) Launching target 'forgeclientdev' with arguments [--version, 21.1.172, --gameDir, ., --assetsDir, C:\Users\Aidan\.gradle\caches\fabric-loom\assets, --assetIndex, 1.21.1-17]
[22:43:19] [main/INFO] (unprotect) Found 8254 Minecraft classes
[22:43:19] [main/INFO] (MixinExtras|Service) Initializing MixinExtras via com.llamalad7.mixinextras.service.MixinExtrasServiceImpl(version=0.4.1).
[12Jun2025 22:43:20.656] [Datafixer Bootstrap/INFO] [com.mojang.datafixers.DataFixerBuilder/]: 229 Datafixer optimizations took 320 milliseconds
[12Jun2025 22:43:24.700] [main/WARN] [net.minecraft.commands.Commands/]: Ambiguity between arguments [teleport, location] and [teleport, destination] with inputs: [0.1 -0.5 .9, 0 0 0]
[12Jun2025 22:43:24.700] [main/WARN] [net.minecraft.commands.Commands/]: Ambiguity between arguments [teleport, location] and [teleport, targets] with inputs: [0.1 -0.5 .9, 0 0 0]
[12Jun2025 22:43:24.700] [main/WARN] [net.minecraft.commands.Commands/]: Ambiguity between arguments [teleport, destination] and [teleport, targets] with inputs: [Player, 0123, @e, dd12be42-52a9-4a91-a8a1-11c01849e498]
[12Jun2025 22:43:24.700] [main/WARN] [net.minecraft.commands.Commands/]: Ambiguity between arguments [teleport, targets] and [teleport, destination] with inputs: [Player, 0123, dd12be42-52a9-4a91-a8a1-11c01849e498]
[12Jun2025 22:43:24.700] [main/WARN] [net.minecraft.commands.Commands/]: Ambiguity between arguments [teleport, targets, location] and [teleport, targets, destination] with inputs: [0.1 -0.5 .9, 0 0 0]
[12Jun2025 22:43:24.808] [Render thread/WARN] [net.minecraft.server.packs.VanillaPackResourcesBuilder/]: Assets URL 'union:/C:/Users/Aidan/IdeaProjects/StarWarsMod/.gradle/loom-cache/minecraftMaven/net/minecraft/neoforge-21.1.172-minecraft-merged-c8bcd81ab4/1.21.1-loom.mappings.1_21_1.layered+hash.729439609-v2-neoforge-21.1.172/neoforge-21.1.172-minecraft-merged-c8bcd81ab4-1.21.1-loom.mappings.1_21_1.layered+hash.729439609-v2-neoforge-21.1.172.jar%23198!/assets/.mcassetsroot' uses unexpected schema
[12Jun2025 22:43:24.808] [Render thread/WARN] [net.minecraft.server.packs.VanillaPackResourcesBuilder/]: Assets URL 'union:/C:/Users/Aidan/IdeaProjects/StarWarsMod/.gradle/loom-cache/minecraftMaven/net/minecraft/neoforge-21.1.172-minecraft-merged-c8bcd81ab4/1.21.1-loom.mappings.1_21_1.layered+hash.729439609-v2-neoforge-21.1.172/neoforge-21.1.172-minecraft-merged-c8bcd81ab4-1.21.1-loom.mappings.1_21_1.layered+hash.729439609-v2-neoforge-21.1.172.jar%23198!/data/.mcassetsroot' uses unexpected schema
[12Jun2025 22:43:24.827] [Render thread/INFO] [com.mojang.authlib.yggdrasil.YggdrasilAuthenticationService/]: Environment: Environment[sessionHost=https://sessionserver.mojang.com, servicesHost=https://api.minecraftservices.com, name=PROD]
[12Jun2025 22:43:24.835] [Render thread/INFO] [net.minecraft.client.Minecraft/]: Setting user: Dev
[12Jun2025 22:43:24.906] [Render thread/INFO] [net.minecraft.client.Minecraft/]: Backend library: LWJGL version 3.3.3+5
[12Jun2025 22:43:25.069] [modloading-worker-0/INFO] [net.neoforged.neoforge.common.NeoForgeMod/NEOFORGE-MOD]: NeoForge mod loading, version 21.1.172, for MC 1.21.1
[12Jun2025 22:43:25.811] [Render thread/INFO] [net.neoforged.neoforge.gametest.GameTestHooks/]: Enabled Gametest Namespaces: []
[12Jun2025 22:43:25.993] [Render thread/INFO] [net.minecraft.server.packs.resources.ReloadableResourceManager/]: Reloading ResourceManager: vanilla, mod_resources, mod/architectury, mod/swm, mod/generated_160a22d, mod/neoforge
[12Jun2025 22:43:26.064] [Worker-Main-5/INFO] [net.minecraft.client.gui.font.providers.UnihexProvider/]: Found unifont_all_no_pua-15.1.05.hex, loading
[12Jun2025 22:43:26.238] [Worker-Main-8/INFO] [net.minecraft.client.gui.font.providers.UnihexProvider/]: Found unifont_jp_patch-15.1.05.hex, loading
[12Jun2025 22:43:26.242] [Worker-Main-4/ERROR] [net.minecraft.client.renderer.texture.atlas.SpriteResourceLoader/]: Using missing texture, unable to load swm:item/red
java.io.IOException: Bad PNG Signature
	at TRANSFORMER/minecraft@1.21.1/net.minecraft.util.PngInfo.validateHeader(PngInfo.java:44) ~[neoforge-21.1.172-minecraft-merged-c8bcd81ab4-1.21.1-loom.mappings.1_21_1.layered+hash.729439609-v2-neoforge-21.1.172.jar%23198!/:?]
	at TRANSFORMER/minecraft@1.21.1/com.mojang.blaze3d.platform.NativeImage.read(NativeImage.java:139) ~[neoforge-21.1.172-minecraft-merged-c8bcd81ab4-1.21.1-loom.mappings.1_21_1.layered+hash.729439609-v2-neoforge-21.1.172.jar%23198!/:?]
	at TRANSFORMER/minecraft@1.21.1/com.mojang.blaze3d.platform.NativeImage.read(NativeImage.java:111) ~[neoforge-21.1.172-minecraft-merged-c8bcd81ab4-1.21.1-loom.mappings.1_21_1.layered+hash.729439609-v2-neoforge-21.1.172.jar%23198!/:?]
	at TRANSFORMER/minecraft@1.21.1/com.mojang.blaze3d.platform.NativeImage.read(NativeImage.java:102) ~[neoforge-21.1.172-minecraft-merged-c8bcd81ab4-1.21.1-loom.mappings.1_21_1.layered+hash.729439609-v2-neoforge-21.1.172.jar%23198!/:?]
	at TRANSFORMER/minecraft@1.21.1/net.minecraft.client.renderer.texture.atlas.SpriteResourceLoader.lambda$create$0(SpriteResourceLoader.java:38) ~[neoforge-21.1.172-minecraft-merged-c8bcd81ab4-1.21.1-loom.mappings.1_21_1.layered+hash.729439609-v2-neoforge-21.1.172.jar%23198!/:?]
	at TRANSFORMER/minecraft@1.21.1/net.minecraft.client.renderer.texture.atlas.SpriteResourceLoader.loadSprite(SpriteResourceLoader.java:66) ~[neoforge-21.1.172-minecraft-merged-c8bcd81ab4-1.21.1-loom.mappings.1_21_1.layered+hash.729439609-v2-neoforge-21.1.172.jar%23198!/:?]
	at TRANSFORMER/minecraft@1.21.1/net.minecraft.client.renderer.texture.atlas.SpriteSource$Output.method_47675(SpriteSource.java:21) ~[neoforge-21.1.172-minecraft-merged-c8bcd81ab4-1.21.1-loom.mappings.1_21_1.layered+hash.729439609-v2-neoforge-21.1.172.jar%23198!/:?]
	at TRANSFORMER/minecraft@1.21.1/net.minecraft.client.renderer.texture.SpriteLoader.method_52850(SpriteLoader.java:118) ~[neoforge-21.1.172-minecraft-merged-c8bcd81ab4-1.21.1-loom.mappings.1_21_1.layered+hash.729439609-v2-neoforge-21.1.172.jar%23198!/:?]
	at java.base/java.util.concurrent.CompletableFuture$AsyncSupply.run$$$capture(CompletableFuture.java:1768) [?:?]
	at java.base/java.util.concurrent.CompletableFuture$AsyncSupply.run(CompletableFuture.java) [?:?]
	at java.base/java.util.concurrent.CompletableFuture$AsyncSupply.exec(CompletableFuture.java:1760) [?:?]
	at java.base/java.util.concurrent.ForkJoinTask.doExec$$$capture(ForkJoinTask.java:507) [?:?]
	at java.base/java.util.concurrent.ForkJoinTask.doExec(ForkJoinTask.java) [?:?]
	at java.base/java.util.concurrent.ForkJoinPool$WorkQueue.topLevelExec(ForkJoinPool.java:1489) [?:?]
	at java.base/java.util.concurrent.ForkJoinPool.scan(ForkJoinPool.java:2071) [?:?]
	at java.base/java.util.concurrent.ForkJoinPool.runWorker(ForkJoinPool.java:2033) [?:?]
	at java.base/java.util.concurrent.ForkJoinWorkerThread.run(ForkJoinWorkerThread.java:187) [?:?]
[12Jun2025 22:43:26.373] [Worker-Main-11/WARN] [net.minecraft.client.renderer.texture.SpriteLoader/]: Texture swm:item/metal with size 65x65 limits mip level from 4 to 0
[12Jun2025 22:43:27.092] [Worker-Main-7/WARN] [net.minecraft.client.resources.model.ModelManager/]: Missing textures in model swm:lightsaber#inventory:
    minecraft:textures/atlas/blocks.png:swm:item/blades/white
[12Jun2025 22:43:27.243] [Render thread/WARN] [net.minecraft.client.sounds.SoundEngine/]: Missing sound for event: minecraft:item.goat_horn.play
[12Jun2025 22:43:27.244] [Render thread/WARN] [net.minecraft.client.sounds.SoundEngine/]: Missing sound for event: minecraft:entity.goat.screaming.horn_break
[12Jun2025 22:43:27.292] [Render thread/INFO] [com.mojang.blaze3d.audio.Library/]: OpenAL initialized on device OpenAL Soft on Headphones (High Definition Audio Device)
[12Jun2025 22:43:27.292] [Render thread/INFO] [net.minecraft.client.sounds.SoundEngine/SOUNDS]: Sound engine started
[12Jun2025 22:43:27.368] [Render thread/INFO] [net.minecraft.client.renderer.texture.TextureAtlas/]: Created: 2048x1024x4 minecraft:textures/atlas/blocks.png-atlas
[12Jun2025 22:43:27.378] [Render thread/INFO] [net.minecraft.client.renderer.texture.TextureAtlas/]: Created: 256x256x4 minecraft:textures/atlas/signs.png-atlas
[12Jun2025 22:43:27.378] [Render thread/INFO] [net.minecraft.client.renderer.texture.TextureAtlas/]: Created: 512x512x4 minecraft:textures/atlas/shield_patterns.png-atlas
[12Jun2025 22:43:27.379] [Render thread/INFO] [net.minecraft.client.renderer.texture.TextureAtlas/]: Created: 512x512x4 minecraft:textures/atlas/banner_patterns.png-atlas
[12Jun2025 22:43:27.379] [Render thread/INFO] [net.minecraft.client.renderer.texture.TextureAtlas/]: Created: 1024x1024x4 minecraft:textures/atlas/armor_trims.png-atlas
[12Jun2025 22:43:27.381] [Render thread/INFO] [net.minecraft.client.renderer.texture.TextureAtlas/]: Created: 128x64x4 minecraft:textures/atlas/decorated_pot.png-atlas
[12Jun2025 22:43:27.381] [Render thread/INFO] [net.minecraft.client.renderer.texture.TextureAtlas/]: Created: 256x256x4 minecraft:textures/atlas/chest.png-atlas
[12Jun2025 22:43:27.382] [Render thread/INFO] [net.minecraft.client.renderer.texture.TextureAtlas/]: Created: 512x256x4 minecraft:textures/atlas/beds.png-atlas
[12Jun2025 22:43:27.382] [Render thread/INFO] [net.minecraft.client.renderer.texture.TextureAtlas/]: Created: 512x256x4 minecraft:textures/atlas/shulker_boxes.png-atlas
[12Jun2025 22:43:27.451] [Render thread/INFO] [net.minecraft.client.renderer.texture.TextureAtlas/]: Created: 512x256x0 minecraft:textures/atlas/particles.png-atlas
[12Jun2025 22:43:27.452] [Render thread/INFO] [net.minecraft.client.renderer.texture.TextureAtlas/]: Created: 512x256x0 minecraft:textures/atlas/paintings.png-atlas
[12Jun2025 22:43:27.452] [Render thread/INFO] [net.minecraft.client.renderer.texture.TextureAtlas/]: Created: 256x128x0 minecraft:textures/atlas/mob_effects.png-atlas
[12Jun2025 22:43:27.452] [Render thread/INFO] [net.minecraft.client.renderer.texture.TextureAtlas/]: Created: 64x64x0 minecraft:textures/atlas/map_decorations.png-atlas
[12Jun2025 22:43:27.453] [Render thread/INFO] [net.minecraft.client.renderer.texture.TextureAtlas/]: Created: 1024x512x0 minecraft:textures/atlas/gui.png-atlas
[12Jun2025 22:43:27.470] [Render thread/WARN] [net.minecraft.client.renderer.ShaderInstance/]: Shader rendertype_entity_translucent_emissive could not find sampler named Sampler2 in the specified shader program.
[12Jun2025 22:43:27.513] [Render thread/INFO] [net.neoforged.neoforge.client.entity.animation.json.AnimationLoader/]: Loaded 0 entity animations
[12Jun2025 22:43:34.318] [Render thread/INFO] [net.minecraft.world.item.crafting.RecipeManager/]: Loaded 1290 recipes
[12Jun2025 22:43:34.439] [Render thread/INFO] [net.minecraft.advancements.AdvancementTree/]: Loaded 1399 advancements
[12Jun2025 22:43:34.841] [Server thread/INFO] [net.minecraft.client.server.IntegratedServer/]: Starting integrated minecraft server version 1.21.1
[12Jun2025 22:43:34.841] [Server thread/INFO] [net.minecraft.server.MinecraftServer/]: Generating keypair
[12Jun2025 22:43:35.745] [Server thread/INFO] [net.minecraft.server.MinecraftServer/]: Preparing start region for dimension minecraft:overworld
[12Jun2025 22:43:35.933] [progressListener/INFO] [net.minecraft.server.level.progress.LoggerChunkProgressListener/]: Preparing spawn area: 0%
[12Jun2025 22:43:36.006] [Server thread/INFO] [net.neoforged.neoforge.server.permission.PermissionAPI/]: Successfully initialized permission handler neoforge:default_handler
[12Jun2025 22:43:36.012] [progressListener/INFO] [net.minecraft.server.level.progress.LoggerChunkProgressListener/]: Time elapsed: 260 ms
[12Jun2025 22:43:36.081] [Server thread/INFO] [net.minecraft.client.server.IntegratedServer/]: Changing view distance to 12, from 10
[12Jun2025 22:43:36.081] [Server thread/INFO] [net.minecraft.client.server.IntegratedServer/]: Changing simulation distance to 12, from 0
[12Jun2025 22:43:36.622] [Server thread/INFO] [net.minecraft.server.players.PlayerList/]: Dev[local:E:571c849b] logged in with entity id 19 at (-112.34692685096, 121.0, 33.15848641852881)
[12Jun2025 22:43:36.661] [Server thread/INFO] [net.minecraft.server.MinecraftServer/]: Dev joined the game
[12Jun2025 22:43:36.931] [Render thread/INFO] [net.minecraft.advancements.AdvancementTree/]: Loaded 2 advancements
[12Jun2025 22:43:50.059] [Server thread/INFO] [net.minecraft.client.server.IntegratedServer/]: Saving and pausing game...
[12Jun2025 22:43:50.075] [Server thread/INFO] [net.minecraft.server.MinecraftServer/]: Saving chunks for level 'ServerLevel[New World]'/minecraft:overworld
[12Jun2025 22:43:50.096] [Server thread/INFO] [net.minecraft.server.MinecraftServer/]: Saving chunks for level 'ServerLevel[New World]'/minecraft:the_end
[12Jun2025 22:43:50.096] [Server thread/INFO] [net.minecraft.server.MinecraftServer/]: Saving chunks for level 'ServerLevel[New World]'/minecraft:the_nether
