[16:22:45] [main/INFO] (Launcher) ModLauncher running: args [-mixin.config, swm.mixins.json, --launchTarget, forgedatauserdev, --assetIndex, 1.20.1-5, --assetsDir, C:\Users\Aidan\.gradle\caches\fabric-loom\assets, --gameDir, ., --fml.forgeVersion, 47.4.1, --fml.mcVersion, 1.20.1, --fml.forgeGroup, net.minecraftforge, --fml.mcpVersion, 20230612.114412, --all, --mod, swm, --output, C:\Users\Aidan\IdeaProjects\StarWarsMod\forge\src\generated\resources, --existing, C:\Users\Aidan\IdeaProjects\StarWarsMod\common\src\main\resources, --mixin.config, swm.mixins.json]
[16:22:45] [main/INFO] (Launcher) ModLauncher 10.0.9+10.0.9+main.dcd20f30 starting: java version 23.0.2 by Oracle Corporation; OS Windows 11 arch amd64 version 10.0
[16:22:45] [main/INFO] (ImmediateWindowHandler) ImmediateWindowProvider not loading because launch target is forgedatauserdev
[16:22:46] [main/INFO] (mixin) SpongePowered MIXIN Subsystem Version=0.8.5 Source=union:/C:/Users/Aidan/.gradle/caches/modules-2/files-2.1/dev.architectury/mixin-patched/0.8.5.12/cf1f787f58d3b08b0cb53ecbba7928c09a1893c8/mixin-patched-0.8.5.12.jar%23127!/ Service=ModLauncher Env=CLIENT
[16:22:46] [main/WARN] (ModFileParser) Mod file C:\Users\Aidan\.gradle\caches\modules-2\files-2.1\net.minecraftforge\javafmllanguage\1.20.1-47.4.1\97b774cead20444ed9d0c2de762881a15d872397\javafmllanguage-1.20.1-47.4.1.jar is missing mods.toml file
[16:22:46] [main/WARN] (ModFileParser) Mod file C:\Users\Aidan\.gradle\caches\modules-2\files-2.1\net.minecraftforge\lowcodelanguage\1.20.1-47.4.1\da4a2af4a4ebbbb33e35b292a16fe3f7122b236\lowcodelanguage-1.20.1-47.4.1.jar is missing mods.toml file
[16:22:46] [main/WARN] (ModFileParser) Mod file C:\Users\Aidan\.gradle\caches\modules-2\files-2.1\net.minecraftforge\mclanguage\1.20.1-47.4.1\75a8f0757adad78cbd8108dff9e0d39cbdb3d787\mclanguage-1.20.1-47.4.1.jar is missing mods.toml file
[16:22:46] [main/WARN] (ModFileParser) Mod file C:\Users\Aidan\.gradle\caches\modules-2\files-2.1\net.minecraftforge\fmlcore\1.20.1-47.4.1\3061e70b85c05f936d9fa24477be4d4205d8f6b8\fmlcore-1.20.1-47.4.1.jar is missing mods.toml file
[16:22:46] [main/INFO] (ModDiscoverer) Found mod file javafmllanguage-1.20.1-47.4.1.jar of type LANGPROVIDER with provider net.minecraftforge.fml.loading.moddiscovery.MinecraftLocator@36361951
[16:22:46] [main/INFO] (ModDiscoverer) Found mod file lowcodelanguage-1.20.1-47.4.1.jar of type LANGPROVIDER with provider net.minecraftforge.fml.loading.moddiscovery.MinecraftLocator@36361951
[16:22:46] [main/INFO] (ModDiscoverer) Found mod file mclanguage-1.20.1-47.4.1.jar of type LANGPROVIDER with provider net.minecraftforge.fml.loading.moddiscovery.MinecraftLocator@36361951
[16:22:46] [main/INFO] (ModDiscoverer) Found mod file fmlcore-1.20.1-47.4.1.jar of type LIBRARY with provider net.minecraftforge.fml.loading.moddiscovery.MinecraftLocator@36361951
[16:22:46] [main/INFO] (ModDiscoverer) Found mod file forge-1.20.1-47.4.1-minecraft-merged-c8bcd81ab4-1.20.1-loom.mappings.1_20_1.layered+hash.1900676243-v2-forge-1.20.1-47.4.1.jar of type MOD with provider net.minecraftforge.fml.loading.moddiscovery.MinecraftLocator@36361951
[16:22:46] [main/INFO] (ModDiscoverer) Found mod file main of type MOD with provider net.minecraftforge.fml.loading.moddiscovery.MinecraftLocator@36361951
[16:22:46] [main/INFO] (ModDiscoverer) Found mod file  of type MOD with provider net.minecraftforge.fml.loading.moddiscovery.MinecraftLocator@36361951
[16:22:46] [main/INFO] (ModDiscoverer) Found mod file architectury-forge-9.2.14.jar of type MOD with provider net.minecraftforge.fml.loading.moddiscovery.ClasspathLocator@34f37ed4
[16:22:46] [main/INFO] (ModDiscoverer) Found mod file 11365413116308713709.jar of type MOD with provider net.minecraftforge.fml.loading.moddiscovery.ClasspathLocator@34f37ed4
[16:22:46] [main/INFO] (ModDiscoverer) Found mod file architectury-forge-9.2.14.jar of type MOD with provider net.minecraftforge.fml.loading.moddiscovery.ClasspathLocator@34f37ed4
[16:22:46] [main/INFO] (ModDiscoverer) Found mod file 11365413116308713709.jar of type MOD with provider net.minecraftforge.fml.loading.moddiscovery.ClasspathLocator@34f37ed4
[16:22:46] [main/INFO] (JarInJarDependencyLocator) No dependencies to load found. Skipping!
[16:22:48] [main/INFO] (mixin) Compatibility level set to JAVA_17
[16:22:48] [main/INFO] (LaunchServiceHandler) Launching target 'forgedatauserdev' with arguments [--gameDir, ., --assetsDir, C:\Users\Aidan\.gradle\caches\fabric-loom\assets, --assetIndex, 1.20.1-5, --all, --mod, swm, --output, C:\Users\Aidan\IdeaProjects\StarWarsMod\forge\src\generated\resources, --existing, C:\Users\Aidan\IdeaProjects\StarWarsMod\common\src\main\resources]
[16:22:49] [main/INFO] (unprotect) Found 7423 Minecraft classes
[16:22:49] [main/INFO] (mixin) Remapping refMap architectury-forge-refmap.json using RemapperChain (Architectury Patched)
[16:22:49] [main/INFO] (mixin) Remapping refMap architectury-common-refmap.json using RemapperChain (Architectury Patched)
[06Jun2025 16:22:50.426] [main/INFO] [net.minecraftforge.data.loading.DatagenModLoader/]: Initializing Data Gatherer for mods [swm]
