[01:58:08] [main/INFO] (FabricLoader/GameProvider) Loading Minecraft 1.20.1 with Fabric Loader 0.16.14
[01:58:09] [main/INFO] (FabricLoader) Loading 61 mods:
	- architectury 9.2.14
	- fabric-api 0.92.5+1.20.1
	- fabric-api-base 0.4.32+1802ada577
	- fabric-api-lookup-api-v1 1.6.37+1802ada577
	- fabric-biome-api-v1 13.0.14+1802ada577
	- fabric-block-api-v1 1.0.12+1802ada577
	- fabric-block-view-api-v2 1.0.3+924f046a77
	- fabric-blockrenderlayer-v1 1.1.42+1802ada577
	- fabric-client-tags-api-v1 1.1.3+1802ada577
	- fabric-command-api-v1 1.2.35+f71b366f77
	- fabric-command-api-v2 2.2.14+1802ada577
	- fabric-commands-v0 0.2.52+df3654b377
	- fabric-containers-v0 0.1.66+df3654b377
	- fabric-content-registries-v0 4.0.13+1802ada577
	- fabric-convention-tags-v1 1.5.6+1802ada577
	- fabric-crash-report-info-v1 0.2.20+1802ada577
	- fabric-data-attachment-api-v1 1.0.2+de0fd6d177
	- fabric-data-generation-api-v1 12.3.6+1802ada577
	- fabric-dimensions-v1 2.1.55+1802ada577
	- fabric-entity-events-v1 1.6.1+1c78457f77
	- fabric-events-interaction-v0 0.6.4+13a40c6677
	- fabric-events-lifecycle-v0 0.2.64+df3654b377
	- fabric-game-rule-api-v1 1.0.41+1802ada577
	- fabric-gametest-api-v1 1.2.15+1802ada577
	- fabric-item-api-v1 2.1.29+1802ada577
	- fabric-item-group-api-v1 4.0.14+1802ada577
	- fabric-key-binding-api-v1 1.0.38+1802ada577
	- fabric-keybindings-v0 0.2.36+df3654b377
	- fabric-lifecycle-events-v1 2.2.23+1802ada577
	- fabric-loot-api-v2 1.2.3+1802ada577
	- fabric-loot-tables-v1 1.1.47+9e7660c677
	- fabric-message-api-v1 5.1.10+1802ada577
	- fabric-mining-level-api-v1 2.1.52+1802ada577
	- fabric-model-loading-api-v1 1.0.4+1802ada577
	- fabric-models-v0 0.4.3+9386d8a777
	- fabric-networking-api-v1 1.3.13+13a40c6677
	- fabric-networking-v0 0.3.53+df3654b377
	- fabric-object-builder-api-v1 11.1.5+e35120df77
	- fabric-particles-v1 1.1.3+1802ada577
	- fabric-recipe-api-v1 1.0.23+1802ada577
	- fabric-registry-sync-v0 2.3.5+1802ada577
	- fabric-renderer-api-v1 3.2.2+1802ada577
	- fabric-renderer-indigo 1.5.3+85287f9f77
	- fabric-renderer-registries-v1 3.2.47+df3654b377
	- fabric-rendering-data-attachment-v1 0.3.39+92a0d36777
	- fabric-rendering-fluids-v1 3.0.29+1802ada577
	- fabric-rendering-v0 1.1.50+df3654b377
	- fabric-rendering-v1 3.0.9+1802ada577
	- fabric-resource-conditions-api-v1 2.3.9+1802ada577
	- fabric-resource-loader-v0 0.11.12+fb82e9d777
	- fabric-screen-api-v1 2.0.9+1802ada577
	- fabric-screen-handler-api-v1 1.3.32+1802ada577
	- fabric-sound-api-v1 1.0.14+1802ada577
	- fabric-transfer-api-v1 3.3.6+8dd72ea377
	- fabric-transitive-access-wideners-v1 4.3.2+1802ada577
	- fabricloader 0.16.14
	- generated_af46378 1.0.0
	- java 17
	- minecraft 1.20.1
	- mixinextras 0.4.1
	- swm 0.1
[01:58:09] [main/INFO] (FabricLoader/Mixin) SpongePowered MIXIN Subsystem Version=0.8.7 Source=file:/C:/Users/Aidan/.gradle/caches/modules-2/files-2.1/net.fabricmc/sponge-mixin/0.15.5+mixin.0.8.7/22f9eb729e216a091673a574a5906dc1b9027fb3/sponge-mixin-0.15.5+mixin.0.8.7.jar Service=Knot/Fabric Env=CLIENT
[01:58:09] [main/INFO] (FabricLoader/Mixin) Loaded Fabric development mappings for mixin remapper!
[01:58:09] [main/INFO] (FabricLoader/Mixin) Compatibility level set to JAVA_16
[01:58:09] [main/INFO] (FabricLoader/Mixin) Compatibility level set to JAVA_17
[01:58:10] [main/INFO] (FabricLoader/MixinExtras|Service) Initializing MixinExtras via com.llamalad7.mixinextras.service.MixinExtrasServiceImpl(version=0.4.1).
[01:58:14] [Datafixer Bootstrap/INFO] (Minecraft) 188 Datafixer optimizations took 137 milliseconds
[01:58:16] [Render thread/INFO] (Minecraft) Environment: authHost='https://authserver.mojang.com', accountsHost='https://api.mojang.com', sessionHost='https://sessionserver.mojang.com', servicesHost='https://api.minecraftservices.com', name='PROD'
[01:58:16] [Render thread/ERROR] (Minecraft) Failed to verify authentication
com.mojang.authlib.exceptions.InvalidCredentialsException: Status: 401
	at com.mojang.authlib.exceptions.MinecraftClientHttpException.toAuthenticationException(MinecraftClientHttpException.java:56) ~[authlib-4.0.43.jar:?]
	at com.mojang.authlib.yggdrasil.YggdrasilUserApiService.fetchProperties(YggdrasilUserApiService.java:156) ~[authlib-4.0.43.jar:?]
	at com.mojang.authlib.yggdrasil.YggdrasilUserApiService.<init>(YggdrasilUserApiService.java:55) ~[authlib-4.0.43.jar:?]
	at com.mojang.authlib.yggdrasil.YggdrasilAuthenticationService.createUserApiService(YggdrasilAuthenticationService.java:124) ~[authlib-4.0.43.jar:?]
	at net.minecraft.client.Minecraft.createUserApiService(Minecraft.java:733) ~[minecraft-merged-97d76d2812-1.20.1-loom.mappings.1_20_1.layered+hash.1900676243-v2.jar:?]
	at net.minecraft.client.Minecraft.<init>(Minecraft.java:442) ~[minecraft-merged-97d76d2812-1.20.1-loom.mappings.1_20_1.layered+hash.1900676243-v2.jar:?]
	at net.minecraft.client.main.Main.main(Main.java:211) ~[minecraft-merged-97d76d2812-1.20.1-loom.mappings.1_20_1.layered+hash.1900676243-v2.jar:?]
	at net.fabricmc.loader.impl.game.minecraft.MinecraftGameProvider.launch(MinecraftGameProvider.java:480) ~[fabric-loader-0.16.14.jar:?]
	at net.fabricmc.loader.impl.launch.knot.Knot.launch(Knot.java:74) ~[fabric-loader-0.16.14.jar:?]
	at net.fabricmc.loader.impl.launch.knot.KnotClient.main(KnotClient.java:23) ~[fabric-loader-0.16.14.jar:?]
	at net.fabricmc.devlaunchinjector.Main.main(Main.java:86) ~[dev-launch-injector-0.2.1+build.8.jar:?]
	at dev.architectury.transformer.TransformerRuntime.main(TransformerRuntime.java:220) ~[architectury-transformer-5.2.87-runtime.jar:?]
Caused by: com.mojang.authlib.exceptions.MinecraftClientHttpException: Status: 401
	at com.mojang.authlib.minecraft.client.MinecraftClient.readInputStream(MinecraftClient.java:85) ~[authlib-4.0.43.jar:?]
	at com.mojang.authlib.minecraft.client.MinecraftClient.get(MinecraftClient.java:48) ~[authlib-4.0.43.jar:?]
	at com.mojang.authlib.yggdrasil.YggdrasilUserApiService.fetchProperties(YggdrasilUserApiService.java:129) ~[authlib-4.0.43.jar:?]
	... 10 more
[01:58:16] [Render thread/INFO] (Minecraft) Setting user: Player594
[01:58:16] [Render thread/INFO] (Indigo) [Indigo] Registering Indigo renderer!
[01:58:16] [Render thread/INFO] (NetworkManagerImpl) Registering S2C receiver with id architectury:spawn_entity_packet
[01:58:17] [Render thread/INFO] (Minecraft) Backend library: LWJGL version 3.3.1 SNAPSHOT
[01:58:18] [Render thread/INFO] (Minecraft) Reloading ResourceManager: vanilla, fabric (fabric-entity-events-v1, fabric-rendering-data-attachment-v1, fabric-renderer-indigo, fabric-gametest-api-v1, fabric-object-builder-api-v1, fabric-transfer-api-v1, generated_af46378, fabric-model-loading-api-v1, fabric-block-api-v1, fabric-biome-api-v1, fabric-rendering-v0, fabric-game-rule-api-v1, fabric-message-api-v1, fabric-screen-handler-api-v1, fabric-item-api-v1, fabric-renderer-api-v1, fabric-key-binding-api-v1, fabric-api-lookup-api-v1, fabric-networking-v0, fabric-loot-api-v2, fabric-api-base, fabricloader, fabric-client-tags-api-v1, fabric-recipe-api-v1, fabric-registry-sync-v0, fabric-data-generation-api-v1, fabric-blockrenderlayer-v1, fabric-api, fabric-rendering-v1, fabric-lifecycle-events-v1, fabric-command-api-v2, fabric-networking-api-v1, fabric-command-api-v1, fabric-sound-api-v1, fabric-containers-v0, fabric-loot-tables-v1, fabric-models-v0, fabric-resource-loader-v0, fabric-rendering-fluids-v1, fabric-particles-v1, fabric-keybindings-v0, fabric-resource-conditions-api-v1, fabric-content-registries-v0, fabric-renderer-registries-v1, fabric-mining-level-api-v1, fabric-events-lifecycle-v0, fabric-data-attachment-api-v1, fabric-transitive-access-wideners-v1, fabric-convention-tags-v1, fabric-item-group-api-v1, fabric-commands-v0, fabric-screen-api-v1, fabric-crash-report-info-v1, fabric-events-interaction-v0, fabric-dimensions-v1, fabric-block-view-api-v2)
[01:58:18] [Worker-Main-2/INFO] (Minecraft) Found unifont_all_no_pua-15.0.06.hex, loading
[01:58:18] [Realms Notification Availability checker #1/INFO] (Minecraft) Could not authorize you against Realms server: Invalid session id
[01:58:19] [Worker-Main-9/WARN] (Minecraft) Texture swm:item/metal with size 65x65 limits mip level from 4 to 0
[01:58:19] [Worker-Main-9/WARN] (Minecraft) minecraft:textures/atlas/blocks.png: dropping miplevel from 4 to 0, because of minimum power of two: 1
[01:58:20] [Render thread/WARN] (Minecraft) Missing sound for event: minecraft:item.goat_horn.play
[01:58:20] [Render thread/WARN] (Minecraft) Missing sound for event: minecraft:entity.goat.screaming.horn_break
[01:58:20] [Render thread/INFO] (Minecraft) OpenAL initialized on device OpenAL Soft on Headphones (High Definition Audio Device)
[01:58:20] [Render thread/INFO] (Minecraft) Sound engine started
[01:58:20] [Render thread/INFO] (Minecraft) Created: 2048x1024x0 minecraft:textures/atlas/blocks.png-atlas
[01:58:20] [Render thread/INFO] (Minecraft) Created: 256x256x4 minecraft:textures/atlas/signs.png-atlas
[01:58:20] [Render thread/INFO] (Minecraft) Created: 512x512x4 minecraft:textures/atlas/banner_patterns.png-atlas
[01:58:20] [Render thread/INFO] (Minecraft) Created: 512x512x4 minecraft:textures/atlas/shield_patterns.png-atlas
[01:58:20] [Render thread/INFO] (Minecraft) Created: 1024x1024x4 minecraft:textures/atlas/armor_trims.png-atlas
[01:58:20] [Render thread/INFO] (Minecraft) Created: 256x256x4 minecraft:textures/atlas/chest.png-atlas
[01:58:20] [Render thread/INFO] (Minecraft) Created: 128x64x4 minecraft:textures/atlas/decorated_pot.png-atlas
[01:58:20] [Render thread/INFO] (Minecraft) Created: 512x256x4 minecraft:textures/atlas/beds.png-atlas
[01:58:20] [Render thread/INFO] (Minecraft) Created: 512x256x4 minecraft:textures/atlas/shulker_boxes.png-atlas
[01:58:20] [Render thread/WARN] (Minecraft) Shader rendertype_entity_translucent_emissive could not find sampler named Sampler2 in the specified shader program.
[01:58:20] [Render thread/INFO] (Minecraft) Created: 256x256x0 minecraft:textures/atlas/particles.png-atlas
[01:58:20] [Render thread/INFO] (Minecraft) Created: 256x256x0 minecraft:textures/atlas/paintings.png-atlas
[01:58:20] [Render thread/INFO] (Minecraft) Created: 128x128x0 minecraft:textures/atlas/mob_effects.png-atlas
[01:58:27] [Render thread/INFO] (Minecraft) Loaded 7 recipes
[01:58:27] [Render thread/INFO] (Minecraft) Loaded 1271 advancements
[01:58:28] [Render thread/INFO] (BiomeModificationImpl) Applied 0 biome modifications to 0 of 64 new biomes in 977.1 μs
[01:58:28] [Server thread/INFO] (Minecraft) Starting integrated minecraft server version 1.20.1
[01:58:28] [Server thread/INFO] (Minecraft) Generating keypair
[01:58:29] [Server thread/INFO] (Minecraft) Preparing start region for dimension minecraft:overworld
[01:58:32] [Render thread/INFO] (Minecraft) Preparing spawn area: 0%
[01:58:32] [Render thread/INFO] (Minecraft) Preparing spawn area: 0%
[01:58:32] [Render thread/INFO] (Minecraft) Preparing spawn area: 0%
[01:58:32] [Render thread/INFO] (Minecraft) Preparing spawn area: 0%
[01:58:32] [Render thread/INFO] (Minecraft) Preparing spawn area: 0%
[01:58:32] [Render thread/INFO] (Minecraft) Preparing spawn area: 0%
[01:58:32] [Render thread/INFO] (Minecraft) Preparing spawn area: 3%
[01:58:32] [Render thread/INFO] (Minecraft) Time elapsed: 3492 ms
[01:58:32] [Server thread/INFO] (Minecraft) Changing view distance to 12, from 10
[01:58:32] [Server thread/INFO] (Minecraft) Changing simulation distance to 12, from 0
[01:58:33] [Server thread/INFO] (Minecraft) Player594[local:E:7c9a2182] logged in with entity id 243 at (-18.723934005128523, 72.0, 43.22752236524469)
[01:58:33] [Server thread/INFO] (Minecraft) Player594 joined the game
[01:58:34] [Render thread/INFO] (Minecraft) Loaded 3 advancements
[01:58:34] [Server thread/INFO] (Minecraft) Saving and pausing game...
[01:58:34] [Server thread/INFO] (Minecraft) Saving chunks for level 'ServerLevel[New World]'/minecraft:overworld
[01:58:36] [Server thread/INFO] (Minecraft) Saving chunks for level 'ServerLevel[New World]'/minecraft:the_end
[01:58:36] [Server thread/INFO] (Minecraft) Saving chunks for level 'ServerLevel[New World]'/minecraft:the_nether
[01:59:02] [Thread-0/INFO] (Minecraft) [STDOUT]: [Architectury Transformer] Detected File Modification at swm-common-0.1-dev.jar
[01:59:07] [Thread-0/INFO] (Minecraft) [STDOUT]: [Architectury Transformer] Detected File Modification at swm-common-0.1-dev.jar
[01:59:59] [Server thread/INFO] (Minecraft) [Player594: Set the time to 1000]
[01:59:59] [Render thread/INFO] (Minecraft) [System] [CHAT] Set the time to 1000
[02:00:14] [Thread-0/INFO] (Minecraft) [STDOUT]: [Architectury Transformer] Detected File Modification at swm-common-0.1-dev.jar
[02:00:19] [Thread-0/INFO] (Minecraft) [STDOUT]: [Architectury Transformer] Detected File Modification at swm-common-0.1-dev.jar
[02:02:29] [Thread-0/INFO] (Minecraft) [STDOUT]: [Architectury Transformer] Detected File Modification at swm-common-0.1-dev.jar
[02:02:29] [Thread-0/INFO] (Minecraft) [STDOUT]: [Architectury Transformer] Redefined 1 class(es) from C:\Users\Aidan\IdeaProjects\StarWarsMod\common\build\devlibs\swm-common-0.1-dev.jar in 61.00 ms
[02:02:34] [Thread-0/INFO] (Minecraft) [STDOUT]: [Architectury Transformer] Detected File Modification at swm-common-0.1-dev.jar
[02:02:51] [Thread-0/INFO] (Minecraft) [STDOUT]: [Architectury Transformer] Detected File Modification at swm-common-0.1-dev.jar
[02:02:51] [Thread-0/INFO] (Minecraft) [STDOUT]: [Architectury Transformer] Redefined 1 class(es) from C:\Users\Aidan\IdeaProjects\StarWarsMod\common\build\devlibs\swm-common-0.1-dev.jar in 57.33 ms
[02:02:56] [Thread-0/INFO] (Minecraft) [STDOUT]: [Architectury Transformer] Detected File Modification at swm-common-0.1-dev.jar
[02:02:58] [Server thread/INFO] (Minecraft) Saving and pausing game...
[02:02:58] [Server thread/INFO] (Minecraft) Saving chunks for level 'ServerLevel[New World]'/minecraft:overworld
[02:02:58] [Server thread/INFO] (Minecraft) Saving chunks for level 'ServerLevel[New World]'/minecraft:the_end
[02:02:58] [Server thread/INFO] (Minecraft) Saving chunks for level 'ServerLevel[New World]'/minecraft:the_nether
[02:03:01] [Thread-0/INFO] (Minecraft) [STDOUT]: [Architectury Transformer] Detected File Modification at swm-common-0.1-dev.jar
[02:03:01] [Thread-0/INFO] (Minecraft) [STDOUT]: [Architectury Transformer] Redefined 1 class(es) from C:\Users\Aidan\IdeaProjects\StarWarsMod\common\build\devlibs\swm-common-0.1-dev.jar in 71.33 ms
[02:03:09] [Thread-0/INFO] (Minecraft) [STDOUT]: [Architectury Transformer] Detected File Modification at swm-common-0.1-dev.jar
[02:03:09] [Thread-0/INFO] (Minecraft) [STDOUT]: [Architectury Transformer] Redefined 1 class(es) from C:\Users\Aidan\IdeaProjects\StarWarsMod\common\build\devlibs\swm-common-0.1-dev.jar in 63.22 ms
[02:03:15] [Thread-0/INFO] (Minecraft) [STDOUT]: [Architectury Transformer] Detected File Modification at swm-common-0.1-dev.jar
[02:03:37] [Thread-0/INFO] (Minecraft) [STDOUT]: [Architectury Transformer] Detected File Modification at swm-common-0.1-dev.jar
[02:03:37] [Thread-0/INFO] (Minecraft) [STDOUT]: [Architectury Transformer] Redefined 1 class(es) from C:\Users\Aidan\IdeaProjects\StarWarsMod\common\build\devlibs\swm-common-0.1-dev.jar in 61.18 ms
[02:03:42] [Thread-0/INFO] (Minecraft) [STDOUT]: [Architectury Transformer] Detected File Modification at swm-common-0.1-dev.jar
[02:05:13] [Thread-0/INFO] (Minecraft) [STDOUT]: [Architectury Transformer] Detected File Modification at swm-common-0.1-dev.jar
[02:05:13] [Thread-0/INFO] (Minecraft) [STDOUT]: [Architectury Transformer] Redefined 1 class(es) from C:\Users\Aidan\IdeaProjects\StarWarsMod\common\build\devlibs\swm-common-0.1-dev.jar in 371.7 ms
[02:05:18] [Thread-0/INFO] (Minecraft) [STDOUT]: [Architectury Transformer] Detected File Modification at swm-common-0.1-dev.jar
[02:05:24] [Thread-0/INFO] (Minecraft) [STDOUT]: [Architectury Transformer] Detected File Modification at swm-common-0.1-dev.jar
[02:05:24] [Thread-0/INFO] (Minecraft) [STDOUT]: [Architectury Transformer] Redefined 1 class(es) from C:\Users\Aidan\IdeaProjects\StarWarsMod\common\build\devlibs\swm-common-0.1-dev.jar in 68.95 ms
[02:05:29] [Thread-0/INFO] (Minecraft) [STDOUT]: [Architectury Transformer] Detected File Modification at swm-common-0.1-dev.jar
[02:05:33] [Server thread/INFO] (Minecraft) Saving and pausing game...
[02:05:33] [Server thread/INFO] (Minecraft) Saving chunks for level 'ServerLevel[New World]'/minecraft:overworld
[02:05:33] [Server thread/INFO] (Minecraft) Saving chunks for level 'ServerLevel[New World]'/minecraft:the_end
[02:05:33] [Server thread/INFO] (Minecraft) Saving chunks for level 'ServerLevel[New World]'/minecraft:the_nether
[02:05:35] [Thread-0/INFO] (Minecraft) [STDOUT]: [Architectury Transformer] Detected File Modification at swm-common-0.1-dev.jar
[02:05:35] [Thread-0/INFO] (Minecraft) [STDOUT]: [Architectury Transformer] Redefined 1 class(es) from C:\Users\Aidan\IdeaProjects\StarWarsMod\common\build\devlibs\swm-common-0.1-dev.jar in 80.45 ms
[02:05:40] [Thread-0/INFO] (Minecraft) [STDOUT]: [Architectury Transformer] Detected File Modification at swm-common-0.1-dev.jar
[02:06:42] [Thread-0/INFO] (Minecraft) [STDOUT]: [Architectury Transformer] Detected File Modification at swm-common-0.1-dev.jar
[02:06:42] [Thread-0/INFO] (Minecraft) [STDOUT]: [Architectury Transformer] Redefined 1 class(es) from C:\Users\Aidan\IdeaProjects\StarWarsMod\common\build\devlibs\swm-common-0.1-dev.jar in 225.5 ms
[02:06:47] [Thread-0/INFO] (Minecraft) [STDOUT]: [Architectury Transformer] Detected File Modification at swm-common-0.1-dev.jar
[02:06:48] [Server thread/INFO] (Minecraft) Saving and pausing game...
[02:06:48] [Server thread/INFO] (Minecraft) Saving chunks for level 'ServerLevel[New World]'/minecraft:overworld
[02:06:48] [Server thread/INFO] (Minecraft) Saving chunks for level 'ServerLevel[New World]'/minecraft:the_end
[02:06:48] [Server thread/INFO] (Minecraft) Saving chunks for level 'ServerLevel[New World]'/minecraft:the_nether
[02:07:04] [Thread-0/INFO] (Minecraft) [STDOUT]: [Architectury Transformer] Detected File Modification at swm-common-0.1-dev.jar
[02:07:04] [Thread-0/INFO] (Minecraft) [STDOUT]: [Architectury Transformer] Redefined 1 class(es) from C:\Users\Aidan\IdeaProjects\StarWarsMod\common\build\devlibs\swm-common-0.1-dev.jar in 61.43 ms
[02:07:09] [Thread-0/INFO] (Minecraft) [STDOUT]: [Architectury Transformer] Detected File Modification at swm-common-0.1-dev.jar
[02:08:52] [Render thread/INFO] (Minecraft) [System] [CHAT] Unknown or incomplete command, see below for error
[02:08:52] [Render thread/INFO] (Minecraft) [System] [CHAT] ...isible:1b}<--[HERE]
[02:08:57] [Render thread/INFO] (Minecraft) [System] [CHAT] Unknown or incomplete command, see below for error
[02:08:57] [Render thread/INFO] (Minecraft) [System] [CHAT] ...1b} append<--[HERE]
[02:09:07] [Server thread/INFO] (Minecraft) Saving and pausing game...
[02:09:07] [Server thread/INFO] (Minecraft) Saving chunks for level 'ServerLevel[New World]'/minecraft:overworld
[02:09:07] [Server thread/INFO] (Minecraft) Saving chunks for level 'ServerLevel[New World]'/minecraft:the_end
[02:09:07] [Server thread/INFO] (Minecraft) Saving chunks for level 'ServerLevel[New World]'/minecraft:the_nether
[02:09:40] [Server thread/INFO] (Minecraft) Saving and pausing game...
[02:09:40] [Server thread/INFO] (Minecraft) Saving chunks for level 'ServerLevel[New World]'/minecraft:overworld
[02:09:40] [Server thread/INFO] (Minecraft) Saving chunks for level 'ServerLevel[New World]'/minecraft:the_end
[02:09:40] [Server thread/INFO] (Minecraft) Saving chunks for level 'ServerLevel[New World]'/minecraft:the_nether
[02:11:14] [Server thread/INFO] (Minecraft) [Player594: Gave 1 [Item Frame] to Player594]
[02:11:14] [Render thread/INFO] (Minecraft) [System] [CHAT] Gave 1 [Item Frame] to Player594
[02:11:14] [Render thread/INFO] (Minecraft) Loaded 4 advancements
[02:11:14] [Server thread/INFO] (Minecraft) Saving and pausing game...
[02:11:14] [Server thread/INFO] (Minecraft) Saving chunks for level 'ServerLevel[New World]'/minecraft:overworld
[02:11:14] [Server thread/INFO] (Minecraft) Saving chunks for level 'ServerLevel[New World]'/minecraft:the_end
[02:11:14] [Server thread/INFO] (Minecraft) Saving chunks for level 'ServerLevel[New World]'/minecraft:the_nether
[02:13:46] [Server thread/INFO] (Minecraft) Saving and pausing game...
[02:13:46] [Server thread/INFO] (Minecraft) Saving chunks for level 'ServerLevel[New World]'/minecraft:overworld
[02:13:46] [Server thread/INFO] (Minecraft) Saving chunks for level 'ServerLevel[New World]'/minecraft:the_end
[02:13:46] [Server thread/INFO] (Minecraft) Saving chunks for level 'ServerLevel[New World]'/minecraft:the_nether
[02:15:32] [Render thread/INFO] (Minecraft) [System] [CHAT] Nothing changed. The specified properties already have these values
[02:15:40] [Render thread/INFO] (Minecraft) [System] [CHAT] Nothing changed. The specified properties already have these values
[02:15:46] [Server thread/INFO] (Minecraft) Saving and pausing game...
[02:15:46] [Server thread/INFO] (Minecraft) Saving chunks for level 'ServerLevel[New World]'/minecraft:overworld
[02:15:46] [Server thread/INFO] (Minecraft) Saving chunks for level 'ServerLevel[New World]'/minecraft:the_end
[02:15:46] [Server thread/INFO] (Minecraft) Saving chunks for level 'ServerLevel[New World]'/minecraft:the_nether
[02:17:05] [Server thread/INFO] (Minecraft) [Player594: Modified entity data of Glow Item Frame]
[02:17:05] [Render thread/INFO] (Minecraft) [System] [CHAT] Modified entity data of Glow Item Frame
[02:17:06] [Server thread/INFO] (Minecraft) Saving and pausing game...
[02:17:06] [Server thread/INFO] (Minecraft) Saving chunks for level 'ServerLevel[New World]'/minecraft:overworld
[02:17:06] [Server thread/INFO] (Minecraft) Saving chunks for level 'ServerLevel[New World]'/minecraft:the_end
[02:17:06] [Server thread/INFO] (Minecraft) Saving chunks for level 'ServerLevel[New World]'/minecraft:the_nether
[02:18:12] [Render thread/INFO] (Minecraft) [System] [CHAT] Nothing changed. The specified properties already have these values
[02:18:14] [Server thread/INFO] (Minecraft) Saving and pausing game...
[02:18:14] [Server thread/INFO] (Minecraft) Saving chunks for level 'ServerLevel[New World]'/minecraft:overworld
[02:18:14] [Server thread/INFO] (Minecraft) Saving chunks for level 'ServerLevel[New World]'/minecraft:the_end
[02:18:14] [Server thread/INFO] (Minecraft) Saving chunks for level 'ServerLevel[New World]'/minecraft:the_nether
[02:18:19] [Server thread/INFO] (Minecraft) Saving and pausing game...
[02:18:19] [Server thread/INFO] (Minecraft) Saving chunks for level 'ServerLevel[New World]'/minecraft:overworld
[02:18:19] [Server thread/INFO] (Minecraft) Saving chunks for level 'ServerLevel[New World]'/minecraft:the_end
[02:18:19] [Server thread/INFO] (Minecraft) Saving chunks for level 'ServerLevel[New World]'/minecraft:the_nether
[02:20:05] [Server thread/INFO] (Minecraft) Saving and pausing game...
[02:20:05] [Server thread/INFO] (Minecraft) Saving chunks for level 'ServerLevel[New World]'/minecraft:overworld
[02:20:05] [Server thread/INFO] (Minecraft) Saving chunks for level 'ServerLevel[New World]'/minecraft:the_end
[02:20:05] [Server thread/INFO] (Minecraft) Saving chunks for level 'ServerLevel[New World]'/minecraft:the_nether
[02:20:09] [Server thread/INFO] (Minecraft) [Player594: Gave 1 [Item Frame] to Player594]
[02:20:09] [Render thread/INFO] (Minecraft) [System] [CHAT] Gave 1 [Item Frame] to Player594
[02:20:35] [Server thread/INFO] (Minecraft) Saving and pausing game...
[02:20:35] [Server thread/INFO] (Minecraft) Saving chunks for level 'ServerLevel[New World]'/minecraft:overworld
[02:20:35] [Server thread/INFO] (Minecraft) Saving chunks for level 'ServerLevel[New World]'/minecraft:the_end
[02:20:35] [Server thread/INFO] (Minecraft) Saving chunks for level 'ServerLevel[New World]'/minecraft:the_nether
[02:20:53] [Server thread/INFO] (Minecraft) Saving and pausing game...
[02:20:53] [Server thread/INFO] (Minecraft) Saving chunks for level 'ServerLevel[New World]'/minecraft:overworld
[02:20:53] [Server thread/INFO] (Minecraft) Saving chunks for level 'ServerLevel[New World]'/minecraft:the_end
[02:20:53] [Server thread/INFO] (Minecraft) Saving chunks for level 'ServerLevel[New World]'/minecraft:the_nether
[02:22:24] [Server thread/INFO] (Minecraft) [Player594: Removed 1 item(s) from player Player594]
[02:22:24] [Render thread/INFO] (Minecraft) [System] [CHAT] Removed 1 item(s) from player Player594
[02:22:30] [Render thread/INFO] (Minecraft) [System] [CHAT] [Debug]: Chunk borders: shown
[02:22:31] [Render thread/INFO] (Minecraft) [System] [CHAT] [Debug]: Chunk borders: hidden
[02:22:32] [Render thread/INFO] (Minecraft) [System] [CHAT] [Debug]: Advanced tooltips: hidden
[02:22:32] [Render thread/INFO] (Minecraft) [System] [CHAT] [Debug]: Advanced tooltips: shown
[02:22:33] [Render thread/INFO] (Minecraft) [System] [CHAT] [Debug]: Hitboxes: shown
[02:22:34] [Render thread/INFO] (Minecraft) [System] [CHAT] [Debug]: Hitboxes: hidden
[02:22:35] [Render thread/INFO] (Minecraft) [System] [CHAT] [Debug]: Advanced tooltips: hidden
[02:22:35] [Render thread/INFO] (Minecraft) [System] [CHAT] [Debug]: Advanced tooltips: shown
[02:22:38] [Render thread/INFO] (Minecraft) [System] [CHAT] [Debug]: Key bindings:
[02:22:38] [Render thread/INFO] (Minecraft) [System] [CHAT] F3 + A = Reload chunks
[02:22:38] [Render thread/INFO] (Minecraft) [System] [CHAT] F3 + B = Show hitboxes
[02:22:38] [Render thread/INFO] (Minecraft) [System] [CHAT] F3 + C = Copy location as /tp command, hold F3 + C to crash the game
[02:22:38] [Render thread/INFO] (Minecraft) [System] [CHAT] F3 + D = Clear chat
[02:22:38] [Render thread/INFO] (Minecraft) [System] [CHAT] F3 + G = Show chunk boundaries
[02:22:38] [Render thread/INFO] (Minecraft) [System] [CHAT] F3 + H = Advanced tooltips
[02:22:38] [Render thread/INFO] (Minecraft) [System] [CHAT] F3 + I = Copy entity or block data to clipboard
[02:22:38] [Render thread/INFO] (Minecraft) [System] [CHAT] F3 + L = Start/stop profiling
[02:22:38] [Render thread/INFO] (Minecraft) [System] [CHAT] F3 + N = Cycle previous game mode <-> spectator
[02:22:38] [Render thread/INFO] (Minecraft) [System] [CHAT] F3 + P = Pause on lost focus
[02:22:38] [Render thread/INFO] (Minecraft) [System] [CHAT] F3 + Q = Show this list
[02:22:38] [Render thread/INFO] (Minecraft) [System] [CHAT] F3 + S = Dump dynamic textures
[02:22:38] [Render thread/INFO] (Minecraft) [System] [CHAT] F3 + T = Reload resource packs
[02:22:38] [Render thread/INFO] (Minecraft) [System] [CHAT] F3 + Esc = Pause without pause menu (if pausing is possible)
[02:22:38] [Render thread/INFO] (Minecraft) [System] [CHAT] F3 + F4 = Open game mode switcher
[02:23:11] [Thread-0/INFO] (Minecraft) [STDOUT]: [Architectury Transformer] Detected File Modification at swm-common-0.1-dev.jar
[02:23:11] [Thread-0/INFO] (Minecraft) [STDOUT]: [Architectury Transformer] Redefined 1 class(es) from C:\Users\Aidan\IdeaProjects\StarWarsMod\common\build\devlibs\swm-common-0.1-dev.jar in 64.25 ms
[02:23:16] [Thread-0/INFO] (Minecraft) [STDOUT]: [Architectury Transformer] Detected File Modification at swm-common-0.1-dev.jar
[02:23:26] [Thread-0/INFO] (Minecraft) [STDOUT]: [Architectury Transformer] Detected File Modification at swm-common-0.1-dev.jar
[02:23:26] [Thread-0/INFO] (Minecraft) [STDOUT]: [Architectury Transformer] Redefined 1 class(es) from C:\Users\Aidan\IdeaProjects\StarWarsMod\common\build\devlibs\swm-common-0.1-dev.jar in 344.4 ms
[02:23:31] [Thread-0/INFO] (Minecraft) [STDOUT]: [Architectury Transformer] Detected File Modification at swm-common-0.1-dev.jar
[02:23:37] [Thread-0/INFO] (Minecraft) [STDOUT]: [Architectury Transformer] Detected File Modification at swm-common-0.1-dev.jar
[02:23:37] [Thread-0/INFO] (Minecraft) [STDOUT]: [Architectury Transformer] Redefined 1 class(es) from C:\Users\Aidan\IdeaProjects\StarWarsMod\common\build\devlibs\swm-common-0.1-dev.jar in 65.32 ms
[02:23:42] [Thread-0/INFO] (Minecraft) [STDOUT]: [Architectury Transformer] Detected File Modification at swm-common-0.1-dev.jar
[02:23:47] [Thread-0/INFO] (Minecraft) [STDOUT]: [Architectury Transformer] Detected File Modification at swm-common-0.1-dev.jar
[02:23:47] [Thread-0/INFO] (Minecraft) [STDOUT]: [Architectury Transformer] Redefined 1 class(es) from C:\Users\Aidan\IdeaProjects\StarWarsMod\common\build\devlibs\swm-common-0.1-dev.jar in 72.00 ms
[02:23:52] [Thread-0/INFO] (Minecraft) [STDOUT]: [Architectury Transformer] Detected File Modification at swm-common-0.1-dev.jar
[02:24:06] [Server thread/INFO] (Minecraft) Saving and pausing game...
[02:24:06] [Server thread/INFO] (Minecraft) Saving chunks for level 'ServerLevel[New World]'/minecraft:overworld
[02:24:06] [Server thread/INFO] (Minecraft) Saving chunks for level 'ServerLevel[New World]'/minecraft:the_end
[02:24:06] [Server thread/INFO] (Minecraft) Saving chunks for level 'ServerLevel[New World]'/minecraft:the_nether
[02:25:52] [Server thread/INFO] (Minecraft) Saving and pausing game...
[02:25:52] [Server thread/INFO] (Minecraft) Saving chunks for level 'ServerLevel[New World]'/minecraft:overworld
[02:25:52] [Server thread/INFO] (Minecraft) Saving chunks for level 'ServerLevel[New World]'/minecraft:the_end
[02:25:52] [Server thread/INFO] (Minecraft) Saving chunks for level 'ServerLevel[New World]'/minecraft:the_nether
