[Architectury Transformer] Architectury Runtime 5.2.87
[Architectury Transformer DEBUG] Closed File Systems for C:\Users\Aidan\IdeaProjects\StarWarsMod\common\build\devlibs\swm-common-0.1-dev.jar
[Architectury Transformer DEBUG] Preparing tiny remapper prepared transformer: dev.architectury.transformer.handler.TinyRemapperPreparedTransformerHandler
[Architectury Transformer DEBUG] Provided 111 classpath jar(s):
[Architectury Transformer DEBUG]  - C:\Users\Aidan\.gradle\caches\modules-2\files-2.1\dev.architectury\architectury-injectables\1.0.10\62db2a366d662606d1b23ad02ccc3212ed37ec3\architectury-injectables-1.0.10.jar
[Architectury Transformer DEBUG]  - C:\Users\Aidan\.gradle\caches\modules-2\files-2.1\net.fabricmc\fabric-loader\0.16.14\5778d47f536bf2c63ed2abc1a56f5a1c129e34a\fabric-loader-0.16.14.jar
[Architectury Transformer DEBUG]  - C:\Users\Aidan\.gradle\caches\modules-2\files-2.1\org.jetbrains\annotations\25.0.0\c1e6b966db352094ac3bf7f88f3bdef332fe43f0\annotations-25.0.0.jar
[Architectury Transformer DEBUG]  - C:\Users\Aidan\.gradle\caches\modules-2\files-2.1\org.ow2.asm\asm\9.8\dc19ecb3f7889b7860697215cae99c0f9b6f6b4b\asm-9.8.jar
[Architectury Transformer DEBUG]  - C:\Users\Aidan\.gradle\caches\modules-2\files-2.1\org.ow2.asm\asm-analysis\9.8\b9747a320844b6cb1eacd90d8ecfd260a16c01d3\asm-analysis-9.8.jar
[Architectury Transformer DEBUG]  - C:\Users\Aidan\.gradle\caches\modules-2\files-2.1\org.ow2.asm\asm-commons\9.8\36e4d212970388e5bd2c5180292012502df461bb\asm-commons-9.8.jar
[Architectury Transformer DEBUG]  - C:\Users\Aidan\.gradle\caches\modules-2\files-2.1\org.ow2.asm\asm-tree\9.8\18419ca5b77a2f81097c741e7872e6ab8d2f40d\asm-tree-9.8.jar
[Architectury Transformer DEBUG]  - C:\Users\Aidan\.gradle\caches\modules-2\files-2.1\org.ow2.asm\asm-util\9.8\395f1c1f035258511f27bc9b2583d76e4b143f59\asm-util-9.8.jar
[Architectury Transformer DEBUG]  - C:\Users\Aidan\.gradle\caches\modules-2\files-2.1\net.fabricmc\sponge-mixin\0.15.5+mixin.0.8.7\22f9eb729e216a091673a574a5906dc1b9027fb3\sponge-mixin-0.15.5+mixin.0.8.7.jar
[Architectury Transformer DEBUG]  - C:\Users\Aidan\.gradle\caches\modules-2\files-2.1\io.github.llamalad7\mixinextras-fabric\0.4.1\8d1a9e96afb990367fa1f904d17580d164da72e3\mixinextras-fabric-0.4.1.jar
[Architectury Transformer DEBUG]  - C:\Users\Aidan\.gradle\caches\modules-2\files-2.1\com.github.oshi\oshi-core\6.2.2\54f5efc19bca95d709d9a37d19ffcbba3d21c1a6\oshi-core-6.2.2.jar
[Architectury Transformer DEBUG]  - C:\Users\Aidan\.gradle\caches\modules-2\files-2.1\com.google.code.gson\gson\2.10\dd9b193aef96e973d5a11ab13cd17430c2e4306b\gson-2.10.jar
[Architectury Transformer DEBUG]  - C:\Users\Aidan\.gradle\caches\modules-2\files-2.1\com.google.guava\failureaccess\1.0.1\1dcf1de382a0bf95a3d8b0849546c88bac1292c9\failureaccess-1.0.1.jar
[Architectury Transformer DEBUG]  - C:\Users\Aidan\.gradle\caches\modules-2\files-2.1\com.google.guava\guava\31.1-jre\60458f877d055d0c9114d9e1a2efb737b4bc282c\guava-31.1-jre.jar
[Architectury Transformer DEBUG]  - C:\Users\Aidan\.gradle\caches\modules-2\files-2.1\com.ibm.icu\icu4j\71.1\9e7d3304c23f9ba5cb71915f7cce23231a57a445\icu4j-71.1.jar
[Architectury Transformer DEBUG]  - C:\Users\Aidan\.gradle\caches\modules-2\files-2.1\com.mojang\authlib\4.0.43\2ff9d747a77570a07a60d32ac77eb6162ad2a2d9\authlib-4.0.43.jar
[Architectury Transformer DEBUG]  - C:\Users\Aidan\.gradle\caches\modules-2\files-2.1\com.mojang\blocklist\1.0.10\5c685c5ffa94c4cd39496c7184c1d122e515ecef\blocklist-1.0.10.jar
[Architectury Transformer DEBUG]  - C:\Users\Aidan\.gradle\caches\modules-2\files-2.1\com.mojang\brigadier\1.1.8\5244ce82c3337bba4a196a3ce858bfaecc74404a\brigadier-1.1.8.jar
[Architectury Transformer DEBUG]  - C:\Users\Aidan\.gradle\caches\modules-2\files-2.1\com.mojang\datafixerupper\6.0.8\3ba4a30557a9b057760af4011f909ba619fc5125\datafixerupper-6.0.8.jar
[Architectury Transformer DEBUG]  - C:\Users\Aidan\.gradle\caches\modules-2\files-2.1\com.mojang\logging\1.1.1\832b8e6674a9b325a5175a3a6267dfaf34c85139\logging-1.1.1.jar
[Architectury Transformer DEBUG]  - C:\Users\Aidan\.gradle\caches\modules-2\files-2.1\com.mojang\patchy\2.2.10\da05971b07cbb379d002cf7eaec6a2048211fefc\patchy-2.2.10.jar
[Architectury Transformer DEBUG]  - C:\Users\Aidan\.gradle\caches\modules-2\files-2.1\com.mojang\text2speech\1.17.9\3cad216e3a7f0c19b4b394388bc9ffc446f13b14\text2speech-1.17.9.jar
[Architectury Transformer DEBUG]  - C:\Users\Aidan\.gradle\caches\modules-2\files-2.1\commons-codec\commons-codec\1.15\49d94806b6e3dc933dacbd8acb0fdbab8ebd1e5d\commons-codec-1.15.jar
[Architectury Transformer DEBUG]  - C:\Users\Aidan\.gradle\caches\modules-2\files-2.1\commons-io\commons-io\2.11.0\a2503f302b11ebde7ebc3df41daebe0e4eea3689\commons-io-2.11.0.jar
[Architectury Transformer DEBUG]  - C:\Users\Aidan\.gradle\caches\modules-2\files-2.1\commons-logging\commons-logging\1.2\4bfc12adfe4842bf07b657f0369c4cb522955686\commons-logging-1.2.jar
[Architectury Transformer DEBUG]  - C:\Users\Aidan\.gradle\caches\modules-2\files-2.1\io.netty\netty-buffer\4.1.82.Final\a544270cf1ae8b8077082f5036436a9a9971ea71\netty-buffer-4.1.82.Final.jar
[Architectury Transformer DEBUG]  - C:\Users\Aidan\.gradle\caches\modules-2\files-2.1\io.netty\netty-codec\4.1.82.Final\b77200379acb345a9ffdece1c605e591ac3e4e0a\netty-codec-4.1.82.Final.jar
[Architectury Transformer DEBUG]  - C:\Users\Aidan\.gradle\caches\modules-2\files-2.1\io.netty\netty-common\4.1.82.Final\22d148e85c3f5ebdacc0ce1f5aabb1d420f73f3\netty-common-4.1.82.Final.jar
[Architectury Transformer DEBUG]  - C:\Users\Aidan\.gradle\caches\modules-2\files-2.1\io.netty\netty-handler\4.1.82.Final\644041d1fa96a5d3130a29e8978630d716d76e38\netty-handler-4.1.82.Final.jar
[Architectury Transformer DEBUG]  - C:\Users\Aidan\.gradle\caches\modules-2\files-2.1\io.netty\netty-resolver\4.1.82.Final\38f665ae8dcd29032eea31245ba7806bed2e0fa8\netty-resolver-4.1.82.Final.jar
[Architectury Transformer DEBUG]  - C:\Users\Aidan\.gradle\caches\modules-2\files-2.1\io.netty\netty-transport-classes-epoll\4.1.82.Final\e7c7dd18deac93105797f30057c912651ea76521\netty-transport-classes-epoll-4.1.82.Final.jar
[Architectury Transformer DEBUG]  - C:\Users\Aidan\.gradle\caches\modules-2\files-2.1\io.netty\netty-transport-native-unix-common\4.1.82.Final\3e895b35ca1b8a0eca56cacff4c2dde5d2c6abce\netty-transport-native-unix-common-4.1.82.Final.jar
[Architectury Transformer DEBUG]  - C:\Users\Aidan\.gradle\caches\modules-2\files-2.1\io.netty\netty-transport\4.1.82.Final\e431a218d91acb6476ccad5f5aafde50aa3945ca\netty-transport-4.1.82.Final.jar
[Architectury Transformer DEBUG]  - C:\Users\Aidan\.gradle\caches\modules-2\files-2.1\it.unimi.dsi\fastutil\8.5.9\bb7ea75ecdb216654237830b3a96d87ad91f8cc5\fastutil-8.5.9.jar
[Architectury Transformer DEBUG]  - C:\Users\Aidan\.gradle\caches\modules-2\files-2.1\net.java.dev.jna\jna-platform\5.12.1\97406a297c852f4a41e688a176ec675f72e8329\jna-platform-5.12.1.jar
[Architectury Transformer DEBUG]  - C:\Users\Aidan\.gradle\caches\modules-2\files-2.1\net.java.dev.jna\jna\5.12.1\b1e93a735caea94f503e95e6fe79bf9cdc1e985d\jna-5.12.1.jar
[Architectury Transformer DEBUG]  - C:\Users\Aidan\.gradle\caches\modules-2\files-2.1\net.sf.jopt-simple\jopt-simple\5.0.4\4fdac2fbe92dfad86aa6e9301736f6b4342a3f5c\jopt-simple-5.0.4.jar
[Architectury Transformer DEBUG]  - C:\Users\Aidan\.gradle\caches\modules-2\files-2.1\org.apache.commons\commons-compress\1.21\4ec95b60d4e86b5c95a0e919cb172a0af98011ef\commons-compress-1.21.jar
[Architectury Transformer DEBUG]  - C:\Users\Aidan\.gradle\caches\modules-2\files-2.1\org.apache.commons\commons-lang3\3.12.0\c6842c86792ff03b9f1d1fe2aab8dc23aa6c6f0e\commons-lang3-3.12.0.jar
[Architectury Transformer DEBUG]  - C:\Users\Aidan\.gradle\caches\modules-2\files-2.1\org.apache.httpcomponents\httpclient\4.5.13\e5f6cae5ca7ecaac1ec2827a9e2d65ae2869cada\httpclient-4.5.13.jar
[Architectury Transformer DEBUG]  - C:\Users\Aidan\.gradle\caches\modules-2\files-2.1\org.apache.httpcomponents\httpcore\4.4.15\7f2e0c573eaa7a74bac2e89b359e1f73d92a0a1d\httpcore-4.4.15.jar
[Architectury Transformer DEBUG]  - C:\Users\Aidan\.gradle\caches\modules-2\files-2.1\org.apache.logging.log4j\log4j-api\2.19.0\ea1b37f38c327596b216542bc636cfdc0b8036fa\log4j-api-2.19.0.jar
[Architectury Transformer DEBUG]  - C:\Users\Aidan\.gradle\caches\modules-2\files-2.1\org.apache.logging.log4j\log4j-core\2.19.0\3b6eeb4de4c49c0fe38a4ee27188ff5fee44d0bb\log4j-core-2.19.0.jar
[Architectury Transformer DEBUG]  - C:\Users\Aidan\.gradle\caches\modules-2\files-2.1\org.apache.logging.log4j\log4j-slf4j2-impl\2.19.0\5c04bfdd63ce9dceb2e284b81e96b6a70010ee10\log4j-slf4j2-impl-2.19.0.jar
[Architectury Transformer DEBUG]  - C:\Users\Aidan\.gradle\caches\modules-2\files-2.1\org.joml\joml\1.10.5\22566d58af70ad3d72308bab63b8339906deb649\joml-1.10.5.jar
[Architectury Transformer DEBUG]  - C:\Users\Aidan\.gradle\caches\modules-2\files-2.1\org.lwjgl\lwjgl-glfw\3.3.1\cbac1b8d30cb4795149c1ef540f912671a8616d0\lwjgl-glfw-3.3.1.jar
[Architectury Transformer DEBUG]  - C:\Users\Aidan\.gradle\caches\modules-2\files-2.1\org.lwjgl\lwjgl-jemalloc\3.3.1\a817bcf213db49f710603677457567c37d53e103\lwjgl-jemalloc-3.3.1.jar
[Architectury Transformer DEBUG]  - C:\Users\Aidan\.gradle\caches\modules-2\files-2.1\org.lwjgl\lwjgl-openal\3.3.1\2623a6b8ae1dfcd880738656a9f0243d2e6840bd\lwjgl-openal-3.3.1.jar
[Architectury Transformer DEBUG]  - C:\Users\Aidan\.gradle\caches\modules-2\files-2.1\org.lwjgl\lwjgl-opengl\3.3.1\831a5533a21a5f4f81bbc51bb13e9899319b5411\lwjgl-opengl-3.3.1.jar
[Architectury Transformer DEBUG]  - C:\Users\Aidan\.gradle\caches\modules-2\files-2.1\org.lwjgl\lwjgl-stb\3.3.1\b119297cf8ed01f247abe8685857f8e7fcf5980f\lwjgl-stb-3.3.1.jar
[Architectury Transformer DEBUG]  - C:\Users\Aidan\.gradle\caches\modules-2\files-2.1\org.lwjgl\lwjgl-tinyfd\3.3.1\ff1914111ef2e3e0110ef2dabc8d8cdaad82347\lwjgl-tinyfd-3.3.1.jar
[Architectury Transformer DEBUG]  - C:\Users\Aidan\.gradle\caches\modules-2\files-2.1\org.lwjgl\lwjgl\3.3.1\ae58664f88e18a9bb2c77b063833ca7aaec484cb\lwjgl-3.3.1.jar
[Architectury Transformer DEBUG]  - C:\Users\Aidan\.gradle\caches\modules-2\files-2.1\org.slf4j\slf4j-api\2.0.1\f48d81adce2abf5ad3cfe463df517952749e03bc\slf4j-api-2.0.1.jar
[Architectury Transformer DEBUG]  - C:\Users\Aidan\IdeaProjects\StarWarsMod\.gradle\loom-cache\minecraftMaven\net\minecraft\minecraft-merged-97d76d2812\1.20.1-loom.mappings.1_20_1.layered+hash.1900676243-v2\minecraft-merged-97d76d2812-1.20.1-loom.mappings.1_20_1.layered+hash.1900676243-v2.jar
[Architectury Transformer DEBUG]  - C:\Users\Aidan\.gradle\caches\modules-2\files-2.1\io.netty\netty-transport-native-epoll\4.1.82.Final\c7350a71920f3ae9142945e25fed4846cce53374\netty-transport-native-epoll-4.1.82.Final-linux-x86_64.jar
[Architectury Transformer DEBUG]  - C:\Users\Aidan\.gradle\caches\modules-2\files-2.1\io.netty\netty-transport-native-epoll\4.1.82.Final\476409d6255001ca53a55f65b01c13822f8dc93a\netty-transport-native-epoll-4.1.82.Final-linux-aarch_64.jar
[Architectury Transformer DEBUG]  - C:\Users\Aidan\IdeaProjects\StarWarsMod\.gradle\loom-cache\remapped_mods\loom_mappings_1_20_1_layered_hash_1900676243_v2\net\fabricmc\fabric-api\fabric-api\0.92.5+1.20.1\fabric-api-0.92.5+1.20.1.jar
[Architectury Transformer DEBUG]  - C:\Users\Aidan\IdeaProjects\StarWarsMod\.gradle\loom-cache\remapped_mods\loom_mappings_1_20_1_layered_hash_1900676243_v2\dev\architectury\architectury-fabric\9.2.14\architectury-fabric-9.2.14.jar
[Architectury Transformer DEBUG]  - C:\Users\Aidan\IdeaProjects\StarWarsMod\.gradle\loom-cache\remapped_mods\loom_mappings_1_20_1_layered_hash_1900676243_v2\net\fabricmc\fabric-api\fabric-transfer-api-v1\3.3.6+8dd72ea377\fabric-transfer-api-v1-3.3.6+8dd72ea377.jar
[Architectury Transformer DEBUG]  - C:\Users\Aidan\IdeaProjects\StarWarsMod\.gradle\loom-cache\remapped_mods\loom_mappings_1_20_1_layered_hash_1900676243_v2\net\fabricmc\fabric-api\fabric-api-lookup-api-v1\1.6.37+1802ada577\fabric-api-lookup-api-v1-1.6.37+1802ada577.jar
[Architectury Transformer DEBUG]  - C:\Users\Aidan\IdeaProjects\StarWarsMod\.gradle\loom-cache\remapped_mods\loom_mappings_1_20_1_layered_hash_1900676243_v2\net\fabricmc\fabric-api\fabric-blockrenderlayer-v1\1.1.42+1802ada577\fabric-blockrenderlayer-v1-1.1.42+1802ada577.jar
[Architectury Transformer DEBUG]  - C:\Users\Aidan\IdeaProjects\StarWarsMod\.gradle\loom-cache\remapped_mods\loom_mappings_1_20_1_layered_hash_1900676243_v2\net\fabricmc\fabric-api\fabric-client-tags-api-v1\1.1.3+1802ada577\fabric-client-tags-api-v1-1.1.3+1802ada577.jar
[Architectury Transformer DEBUG]  - C:\Users\Aidan\IdeaProjects\StarWarsMod\.gradle\loom-cache\remapped_mods\loom_mappings_1_20_1_layered_hash_1900676243_v2\net\fabricmc\fabric-api\fabric-command-api-v1\1.2.35+f71b366f77\fabric-command-api-v1-1.2.35+f71b366f77.jar
[Architectury Transformer DEBUG]  - C:\Users\Aidan\IdeaProjects\StarWarsMod\.gradle\loom-cache\remapped_mods\loom_mappings_1_20_1_layered_hash_1900676243_v2\net\fabricmc\fabric-api\fabric-commands-v0\0.2.52+df3654b377\fabric-commands-v0-0.2.52+df3654b377.jar
[Architectury Transformer DEBUG]  - C:\Users\Aidan\IdeaProjects\StarWarsMod\.gradle\loom-cache\remapped_mods\loom_mappings_1_20_1_layered_hash_1900676243_v2\net\fabricmc\fabric-api\fabric-command-api-v2\2.2.14+1802ada577\fabric-command-api-v2-2.2.14+1802ada577.jar
[Architectury Transformer DEBUG]  - C:\Users\Aidan\IdeaProjects\StarWarsMod\.gradle\loom-cache\remapped_mods\loom_mappings_1_20_1_layered_hash_1900676243_v2\net\fabricmc\fabric-api\fabric-content-registries-v0\4.0.13+1802ada577\fabric-content-registries-v0-4.0.13+1802ada577.jar
[Architectury Transformer DEBUG]  - C:\Users\Aidan\IdeaProjects\StarWarsMod\.gradle\loom-cache\remapped_mods\loom_mappings_1_20_1_layered_hash_1900676243_v2\net\fabricmc\fabric-api\fabric-convention-tags-v1\1.5.6+1802ada577\fabric-convention-tags-v1-1.5.6+1802ada577.jar
[Architectury Transformer DEBUG]  - C:\Users\Aidan\IdeaProjects\StarWarsMod\.gradle\loom-cache\remapped_mods\loom_mappings_1_20_1_layered_hash_1900676243_v2\net\fabricmc\fabric-api\fabric-data-attachment-api-v1\1.0.2+de0fd6d177\fabric-data-attachment-api-v1-1.0.2+de0fd6d177.jar
[Architectury Transformer DEBUG]  - C:\Users\Aidan\IdeaProjects\StarWarsMod\.gradle\loom-cache\remapped_mods\loom_mappings_1_20_1_layered_hash_1900676243_v2\net\fabricmc\fabric-api\fabric-data-generation-api-v1\12.3.6+1802ada577\fabric-data-generation-api-v1-12.3.6+1802ada577.jar
[Architectury Transformer DEBUG]  - C:\Users\Aidan\IdeaProjects\StarWarsMod\.gradle\loom-cache\remapped_mods\loom_mappings_1_20_1_layered_hash_1900676243_v2\net\fabricmc\fabric-api\fabric-dimensions-v1\2.1.55+1802ada577\fabric-dimensions-v1-2.1.55+1802ada577.jar
[Architectury Transformer DEBUG]  - C:\Users\Aidan\IdeaProjects\StarWarsMod\.gradle\loom-cache\remapped_mods\loom_mappings_1_20_1_layered_hash_1900676243_v2\net\fabricmc\fabric-api\fabric-entity-events-v1\1.6.1+1c78457f77\fabric-entity-events-v1-1.6.1+1c78457f77.jar
[Architectury Transformer DEBUG]  - C:\Users\Aidan\IdeaProjects\StarWarsMod\.gradle\loom-cache\remapped_mods\loom_mappings_1_20_1_layered_hash_1900676243_v2\net\fabricmc\fabric-api\fabric-events-interaction-v0\0.6.4+13a40c6677\fabric-events-interaction-v0-0.6.4+13a40c6677.jar
[Architectury Transformer DEBUG]  - C:\Users\Aidan\IdeaProjects\StarWarsMod\.gradle\loom-cache\remapped_mods\loom_mappings_1_20_1_layered_hash_1900676243_v2\net\fabricmc\fabric-api\fabric-gametest-api-v1\1.2.15+1802ada577\fabric-gametest-api-v1-1.2.15+1802ada577.jar
[Architectury Transformer DEBUG]  - C:\Users\Aidan\IdeaProjects\StarWarsMod\.gradle\loom-cache\remapped_mods\loom_mappings_1_20_1_layered_hash_1900676243_v2\net\fabricmc\fabric-api\fabric-events-lifecycle-v0\0.2.64+df3654b377\fabric-events-lifecycle-v0-0.2.64+df3654b377.jar
[Architectury Transformer DEBUG]  - C:\Users\Aidan\IdeaProjects\StarWarsMod\.gradle\loom-cache\remapped_mods\loom_mappings_1_20_1_layered_hash_1900676243_v2\net\fabricmc\fabric-api\fabric-item-api-v1\2.1.29+1802ada577\fabric-item-api-v1-2.1.29+1802ada577.jar
[Architectury Transformer DEBUG]  - C:\Users\Aidan\IdeaProjects\StarWarsMod\.gradle\loom-cache\remapped_mods\loom_mappings_1_20_1_layered_hash_1900676243_v2\net\fabricmc\fabric-api\fabric-item-group-api-v1\4.0.14+1802ada577\fabric-item-group-api-v1-4.0.14+1802ada577.jar
[Architectury Transformer DEBUG]  - C:\Users\Aidan\IdeaProjects\StarWarsMod\.gradle\loom-cache\remapped_mods\loom_mappings_1_20_1_layered_hash_1900676243_v2\net\fabricmc\fabric-api\fabric-mining-level-api-v1\2.1.52+1802ada577\fabric-mining-level-api-v1-2.1.52+1802ada577.jar
[Architectury Transformer DEBUG]  - C:\Users\Aidan\IdeaProjects\StarWarsMod\.gradle\loom-cache\remapped_mods\loom_mappings_1_20_1_layered_hash_1900676243_v2\net\fabricmc\fabric-api\fabric-lifecycle-events-v1\2.2.23+1802ada577\fabric-lifecycle-events-v1-2.2.23+1802ada577.jar
[Architectury Transformer DEBUG]  - C:\Users\Aidan\IdeaProjects\StarWarsMod\.gradle\loom-cache\remapped_mods\loom_mappings_1_20_1_layered_hash_1900676243_v2\net\fabricmc\fabric-api\fabric-loot-tables-v1\1.1.47+9e7660c677\fabric-loot-tables-v1-1.1.47+9e7660c677.jar
[Architectury Transformer DEBUG]  - C:\Users\Aidan\IdeaProjects\StarWarsMod\.gradle\loom-cache\remapped_mods\loom_mappings_1_20_1_layered_hash_1900676243_v2\net\fabricmc\fabric-api\fabric-loot-api-v2\1.2.3+1802ada577\fabric-loot-api-v2-1.2.3+1802ada577.jar
[Architectury Transformer DEBUG]  - C:\Users\Aidan\IdeaProjects\StarWarsMod\.gradle\loom-cache\remapped_mods\loom_mappings_1_20_1_layered_hash_1900676243_v2\net\fabricmc\fabric-api\fabric-message-api-v1\5.1.10+1802ada577\fabric-message-api-v1-5.1.10+1802ada577.jar
[Architectury Transformer DEBUG]  - C:\Users\Aidan\IdeaProjects\StarWarsMod\.gradle\loom-cache\remapped_mods\loom_mappings_1_20_1_layered_hash_1900676243_v2\net\fabricmc\fabric-api\fabric-models-v0\0.4.3+9386d8a777\fabric-models-v0-0.4.3+9386d8a777.jar
[Architectury Transformer DEBUG]  - C:\Users\Aidan\IdeaProjects\StarWarsMod\.gradle\loom-cache\remapped_mods\loom_mappings_1_20_1_layered_hash_1900676243_v2\net\fabricmc\fabric-api\fabric-model-loading-api-v1\1.0.4+1802ada577\fabric-model-loading-api-v1-1.0.4+1802ada577.jar
[Architectury Transformer DEBUG]  - C:\Users\Aidan\IdeaProjects\StarWarsMod\.gradle\loom-cache\remapped_mods\loom_mappings_1_20_1_layered_hash_1900676243_v2\net\fabricmc\fabric-api\fabric-recipe-api-v1\1.0.23+1802ada577\fabric-recipe-api-v1-1.0.23+1802ada577.jar
[Architectury Transformer DEBUG]  - C:\Users\Aidan\IdeaProjects\StarWarsMod\.gradle\loom-cache\remapped_mods\loom_mappings_1_20_1_layered_hash_1900676243_v2\net\fabricmc\fabric-api\fabric-registry-sync-v0\2.3.5+1802ada577\fabric-registry-sync-v0-2.3.5+1802ada577.jar
[Architectury Transformer DEBUG]  - C:\Users\Aidan\IdeaProjects\StarWarsMod\.gradle\loom-cache\remapped_mods\loom_mappings_1_20_1_layered_hash_1900676243_v2\net\fabricmc\fabric-api\fabric-screen-handler-api-v1\1.3.32+1802ada577\fabric-screen-handler-api-v1-1.3.32+1802ada577.jar
[Architectury Transformer DEBUG]  - C:\Users\Aidan\IdeaProjects\StarWarsMod\.gradle\loom-cache\remapped_mods\loom_mappings_1_20_1_layered_hash_1900676243_v2\net\fabricmc\fabric-api\fabric-containers-v0\0.1.66+df3654b377\fabric-containers-v0-0.1.66+df3654b377.jar
[Architectury Transformer DEBUG]  - C:\Users\Aidan\IdeaProjects\StarWarsMod\.gradle\loom-cache\remapped_mods\loom_mappings_1_20_1_layered_hash_1900676243_v2\net\fabricmc\fabric-api\fabric-networking-v0\0.3.53+df3654b377\fabric-networking-v0-0.3.53+df3654b377.jar
[Architectury Transformer DEBUG]  - C:\Users\Aidan\IdeaProjects\StarWarsMod\.gradle\loom-cache\remapped_mods\loom_mappings_1_20_1_layered_hash_1900676243_v2\net\fabricmc\fabric-api\fabric-networking-api-v1\1.3.13+13a40c6677\fabric-networking-api-v1-1.3.13+13a40c6677.jar
[Architectury Transformer DEBUG]  - C:\Users\Aidan\IdeaProjects\StarWarsMod\.gradle\loom-cache\remapped_mods\loom_mappings_1_20_1_layered_hash_1900676243_v2\net\fabricmc\fabric-api\fabric-object-builder-api-v1\11.1.5+e35120df77\fabric-object-builder-api-v1-11.1.5+e35120df77.jar
[Architectury Transformer DEBUG]  - C:\Users\Aidan\IdeaProjects\StarWarsMod\.gradle\loom-cache\remapped_mods\loom_mappings_1_20_1_layered_hash_1900676243_v2\net\fabricmc\fabric-api\fabric-particles-v1\1.1.3+1802ada577\fabric-particles-v1-1.1.3+1802ada577.jar
[Architectury Transformer DEBUG]  - C:\Users\Aidan\IdeaProjects\StarWarsMod\.gradle\loom-cache\remapped_mods\loom_mappings_1_20_1_layered_hash_1900676243_v2\net\fabricmc\fabric-api\fabric-renderer-indigo\1.5.3+85287f9f77\fabric-renderer-indigo-1.5.3+85287f9f77.jar
[Architectury Transformer DEBUG]  - C:\Users\Aidan\IdeaProjects\StarWarsMod\.gradle\loom-cache\remapped_mods\loom_mappings_1_20_1_layered_hash_1900676243_v2\net\fabricmc\fabric-api\fabric-renderer-api-v1\3.2.2+1802ada577\fabric-renderer-api-v1-3.2.2+1802ada577.jar
[Architectury Transformer DEBUG]  - C:\Users\Aidan\IdeaProjects\StarWarsMod\.gradle\loom-cache\remapped_mods\loom_mappings_1_20_1_layered_hash_1900676243_v2\net\fabricmc\fabric-api\fabric-rendering-fluids-v1\3.0.29+1802ada577\fabric-rendering-fluids-v1-3.0.29+1802ada577.jar
[Architectury Transformer DEBUG]  - C:\Users\Aidan\IdeaProjects\StarWarsMod\.gradle\loom-cache\remapped_mods\loom_mappings_1_20_1_layered_hash_1900676243_v2\net\fabricmc\fabric-api\fabric-renderer-registries-v1\3.2.47+df3654b377\fabric-renderer-registries-v1-3.2.47+df3654b377.jar
[Architectury Transformer DEBUG]  - C:\Users\Aidan\IdeaProjects\StarWarsMod\.gradle\loom-cache\remapped_mods\loom_mappings_1_20_1_layered_hash_1900676243_v2\net\fabricmc\fabric-api\fabric-rendering-v0\1.1.50+df3654b377\fabric-rendering-v0-1.1.50+df3654b377.jar
[Architectury Transformer DEBUG]  - C:\Users\Aidan\IdeaProjects\StarWarsMod\.gradle\loom-cache\remapped_mods\loom_mappings_1_20_1_layered_hash_1900676243_v2\net\fabricmc\fabric-api\fabric-rendering-v1\3.0.9+1802ada577\fabric-rendering-v1-3.0.9+1802ada577.jar
[Architectury Transformer DEBUG]  - C:\Users\Aidan\IdeaProjects\StarWarsMod\.gradle\loom-cache\remapped_mods\loom_mappings_1_20_1_layered_hash_1900676243_v2\net\fabricmc\fabric-api\fabric-screen-api-v1\2.0.9+1802ada577\fabric-screen-api-v1-2.0.9+1802ada577.jar
[Architectury Transformer DEBUG]  - C:\Users\Aidan\IdeaProjects\StarWarsMod\.gradle\loom-cache\remapped_mods\loom_mappings_1_20_1_layered_hash_1900676243_v2\net\fabricmc\fabric-api\fabric-api-base\0.4.32+1802ada577\fabric-api-base-0.4.32+1802ada577.jar
[Architectury Transformer DEBUG]  - C:\Users\Aidan\IdeaProjects\StarWarsMod\.gradle\loom-cache\remapped_mods\loom_mappings_1_20_1_layered_hash_1900676243_v2\net\fabricmc\fabric-api\fabric-biome-api-v1\13.0.14+1802ada577\fabric-biome-api-v1-13.0.14+1802ada577.jar
[Architectury Transformer DEBUG]  - C:\Users\Aidan\IdeaProjects\StarWarsMod\.gradle\loom-cache\remapped_mods\loom_mappings_1_20_1_layered_hash_1900676243_v2\net\fabricmc\fabric-api\fabric-block-api-v1\1.0.12+1802ada577\fabric-block-api-v1-1.0.12+1802ada577.jar
[Architectury Transformer DEBUG]  - C:\Users\Aidan\IdeaProjects\StarWarsMod\.gradle\loom-cache\remapped_mods\loom_mappings_1_20_1_layered_hash_1900676243_v2\net\fabricmc\fabric-api\fabric-rendering-data-attachment-v1\0.3.39+92a0d36777\fabric-rendering-data-attachment-v1-0.3.39+92a0d36777.jar
[Architectury Transformer DEBUG]  - C:\Users\Aidan\IdeaProjects\StarWarsMod\.gradle\loom-cache\remapped_mods\loom_mappings_1_20_1_layered_hash_1900676243_v2\net\fabricmc\fabric-api\fabric-block-view-api-v2\1.0.3+924f046a77\fabric-block-view-api-v2-1.0.3+924f046a77.jar
[Architectury Transformer DEBUG]  - C:\Users\Aidan\IdeaProjects\StarWarsMod\.gradle\loom-cache\remapped_mods\loom_mappings_1_20_1_layered_hash_1900676243_v2\net\fabricmc\fabric-api\fabric-crash-report-info-v1\0.2.20+1802ada577\fabric-crash-report-info-v1-0.2.20+1802ada577.jar
[Architectury Transformer DEBUG]  - C:\Users\Aidan\IdeaProjects\StarWarsMod\.gradle\loom-cache\remapped_mods\loom_mappings_1_20_1_layered_hash_1900676243_v2\net\fabricmc\fabric-api\fabric-game-rule-api-v1\1.0.41+1802ada577\fabric-game-rule-api-v1-1.0.41+1802ada577.jar
[Architectury Transformer DEBUG]  - C:\Users\Aidan\IdeaProjects\StarWarsMod\.gradle\loom-cache\remapped_mods\loom_mappings_1_20_1_layered_hash_1900676243_v2\net\fabricmc\fabric-api\fabric-keybindings-v0\0.2.36+df3654b377\fabric-keybindings-v0-0.2.36+df3654b377.jar
[Architectury Transformer DEBUG]  - C:\Users\Aidan\IdeaProjects\StarWarsMod\.gradle\loom-cache\remapped_mods\loom_mappings_1_20_1_layered_hash_1900676243_v2\net\fabricmc\fabric-api\fabric-key-binding-api-v1\1.0.38+1802ada577\fabric-key-binding-api-v1-1.0.38+1802ada577.jar
[Architectury Transformer DEBUG]  - C:\Users\Aidan\IdeaProjects\StarWarsMod\.gradle\loom-cache\remapped_mods\loom_mappings_1_20_1_layered_hash_1900676243_v2\net\fabricmc\fabric-api\fabric-resource-conditions-api-v1\2.3.9+1802ada577\fabric-resource-conditions-api-v1-2.3.9+1802ada577.jar
[Architectury Transformer DEBUG]  - C:\Users\Aidan\IdeaProjects\StarWarsMod\.gradle\loom-cache\remapped_mods\loom_mappings_1_20_1_layered_hash_1900676243_v2\net\fabricmc\fabric-api\fabric-resource-loader-v0\0.11.12+fb82e9d777\fabric-resource-loader-v0-0.11.12+fb82e9d777.jar
[Architectury Transformer DEBUG]  - C:\Users\Aidan\IdeaProjects\StarWarsMod\.gradle\loom-cache\remapped_mods\loom_mappings_1_20_1_layered_hash_1900676243_v2\net\fabricmc\fabric-api\fabric-sound-api-v1\1.0.14+1802ada577\fabric-sound-api-v1-1.0.14+1802ada577.jar
[Architectury Transformer DEBUG]  - C:\Users\Aidan\IdeaProjects\StarWarsMod\.gradle\loom-cache\remapped_mods\loom_mappings_1_20_1_layered_hash_1900676243_v2\net\fabricmc\fabric-api\fabric-transitive-access-wideners-v1\4.3.2+1802ada577\fabric-transitive-access-wideners-v1-4.3.2+1802ada577.jar
[Architectury Transformer] Read classpath in 1.905 s
[Architectury Transformer DEBUG] Closed File Systems for C:\Users\Aidan\IdeaProjects\StarWarsMod\common\build\devlibs\swm-common-0.1-dev.jar
[Architectury Transformer DEBUG] Transforming 5 transformer(s) from C:\Users\Aidan\IdeaProjects\StarWarsMod\common\build\devlibs\swm-common-0.1-dev.jar to C:\Users\Aidan\AppData\Local\Temp\13465595307998989319.jar: 
[Architectury Transformer DEBUG]  - dev.architectury.transformer.transformers.RuntimeMixinRefmapDetector@6f93ae4c
[Architectury Transformer DEBUG]  - dev.architectury.transformer.transformers.GenerateFakeFabricMod@59f7d263
[Architectury Transformer DEBUG]  - dev.architectury.transformer.transformers.TransformExpectPlatform@3a6a0909
[Architectury Transformer DEBUG]  - dev.architectury.transformer.transformers.RemapInjectables@57b7287c
[Architectury Transformer DEBUG]  - dev.architectury.transformer.transformers.TransformPlatformOnly@25240d08
[Architectury Transformer DEBUG] Transforming from C:\Users\Aidan\IdeaProjects\StarWarsMod\common\build\devlibs\swm-common-0.1-dev.jar to C:\Users\Aidan\AppData\Local\Temp\13465595307998989319.jar with 5 transformer(s) on dev.architectury.transformer.handler.SimpleTransformerHandler
[Architectury Transformer DEBUG] Found class transformer
[Architectury Transformer DEBUG] Writing mod/syconn/swm/addons/LightsaberContent with maxs=true frames=true
[Architectury Transformer DEBUG] Writing mod/syconn/swm/client/render/entity/PlasmaRenderer with maxs=true frames=true
[Architectury Transformer DEBUG] Writing mod/syconn/swm/client/StarWarsClient with maxs=true frames=true
[Architectury Transformer DEBUG] Writing mod/syconn/swm/features/lightsaber/client/LightsaberItemRender with maxs=true frames=true
[Architectury Transformer DEBUG] Writing mod/syconn/swm/features/lightsaber/data/LightsaberData with maxs=true frames=true
[Architectury Transformer DEBUG] Writing mod/syconn/swm/features/lightsaber/data/LightsaberTag with maxs=true frames=true
[Architectury Transformer DEBUG] Writing mod/syconn/swm/features/lightsaber/item/LightsaberItem with maxs=true frames=true
[Architectury Transformer DEBUG] Writing mod/syconn/swm/mixin/ItemRendererMixin with maxs=true frames=true
[Architectury Transformer DEBUG] Writing mod/syconn/swm/mixin/LevelRendererMixin with maxs=true frames=true
[Architectury Transformer DEBUG] Writing mod/syconn/swm/registry/ModItems with maxs=true frames=true
[Architectury Transformer DEBUG] Writing mod/syconn/swm/registry/ModTags with maxs=true frames=true
[Architectury Transformer DEBUG] Writing mod/syconn/swm/StarWars with maxs=true frames=true
[Architectury Transformer DEBUG] Writing mod/syconn/swm/util/client/PlasmaBuffer with maxs=true frames=true
[Architectury Transformer DEBUG] Writing mod/syconn/swm/util/client/render/IItemRenderer with maxs=true frames=true
[Architectury Transformer DEBUG] Writing mod/syconn/swm/util/client/render/RenderUtil with maxs=true frames=true
[Architectury Transformer DEBUG] Writing mod/syconn/swm/util/Constants with maxs=true frames=true
[Architectury Transformer DEBUG] Writing mod/syconn/swm/util/json/JsonResourceReloader with maxs=true frames=true
[Architectury Transformer DEBUG] Writing mod/syconn/swm/util/json/JsonUtils with maxs=true frames=true
[Architectury Transformer DEBUG] Writing mod/syconn/swm/util/math/ColorUtil$TintMode with maxs=true frames=true
[Architectury Transformer DEBUG] Writing mod/syconn/swm/util/math/ColorUtil with maxs=true frames=true
[Architectury Transformer DEBUG] Writing mod/syconn/swm/util/math/Ease with maxs=true frames=true
[Architectury Transformer DEBUG] Writing mod/syconn/swm/util/math/MathUtil$1 with maxs=true frames=true
[Architectury Transformer DEBUG] Writing mod/syconn/swm/util/math/MathUtil with maxs=true frames=true
[Architectury Transformer DEBUG] Writing mod/syconn/swm/util/math/Transform$State with maxs=true frames=true
[Architectury Transformer DEBUG] Writing mod/syconn/swm/util/math/Transform with maxs=true frames=true
[Architectury Transformer DEBUG] Writing mod/syconn/swm/util/nbt/NbtTools with maxs=true frames=true
[Architectury Transformer DEBUG] Checking whether /swm-common-common-refmap.json is a mixin config.
[Architectury Transformer DEBUG] Checking whether /swm.mixins.json is a mixin config.
[Architectury Transformer DEBUG] Closed File Systems for C:\Users\Aidan\AppData\Local\Temp\13465595307998989319.jar
[Architectury Transformer] Listening at C:\Users\Aidan\IdeaProjects\StarWarsMod\common\build\devlibs\swm-common-0.1-dev.jar
[Architectury Transformer DEBUG] Temporary jar [C:\Users\Aidan\AppData\Local\Temp\13465595307998989319.jar] contains packages: mod.syconn.swm.mixin, mod.syconn.swm.features.lightsaber.data, mod.syconn.swm.util.client, mod.syconn.swm.util, mod.syconn.swm.util.client.render, mod.syconn.swm, mod.syconn.swm.features.lightsaber.item, mod.syconn.swm.features.lightsaber.client, mod.syconn.swm.client, mod.syconn.swm.util.nbt, mod.syconn.swm.registry, mod.syconn.swm.client.render.entity, mod.syconn.swm.util.math, mod.syconn.swm.util.json, mod.syconn.swm.addons
[Architectury Transformer DEBUG] Closed File Systems for C:\Users\Aidan\IdeaProjects\StarWarsMod\common\build\devlibs\swm-common-0.1-dev.jar
[Architectury Transformer DEBUG] Classpath entry [C:\Users\Aidan\IdeaProjects\StarWarsMod\fabric\build\resources\main] contains packages: 
[Architectury Transformer DEBUG] Transforming from mod/syconn/swm/StarWars.class to mod/syconn/swm/StarWars.class with 5 transformer(s) on dev.architectury.transformer.handler.TinyRemapperPreparedTransformerHandler
[Architectury Transformer DEBUG] Found class transformer
[Architectury Transformer DEBUG] Writing mod/syconn/swm/StarWars with maxs=true frames=true
[Architectury Transformer DEBUG] Transformed mod/syconn/swm/StarWars in 2.419 ms
[Architectury Transformer DEBUG] Transforming from mod/syconn/swm/registry/ModItems.class to mod/syconn/swm/registry/ModItems.class with 5 transformer(s) on dev.architectury.transformer.handler.TinyRemapperPreparedTransformerHandler
[Architectury Transformer DEBUG] Found class transformer
[Architectury Transformer DEBUG] Writing mod/syconn/swm/registry/ModItems with maxs=true frames=true
[Architectury Transformer DEBUG] Transformed mod/syconn/swm/registry/ModItems in 1.507 ms
[Architectury Transformer DEBUG] Transforming from mod/syconn/swm/features/lightsaber/item/LightsaberItem.class to mod/syconn/swm/features/lightsaber/item/LightsaberItem.class with 5 transformer(s) on dev.architectury.transformer.handler.TinyRemapperPreparedTransformerHandler
[Architectury Transformer DEBUG] Found class transformer
[Architectury Transformer DEBUG] Writing mod/syconn/swm/features/lightsaber/item/LightsaberItem with maxs=true frames=true
[Architectury Transformer DEBUG] Transformed mod/syconn/swm/features/lightsaber/item/LightsaberItem in 460.9 μs
[Architectury Transformer DEBUG] Transforming from mod/syconn/swm/addons/LightsaberContent.class to mod/syconn/swm/addons/LightsaberContent.class with 5 transformer(s) on dev.architectury.transformer.handler.TinyRemapperPreparedTransformerHandler
[Architectury Transformer DEBUG] Found class transformer
[Architectury Transformer DEBUG] Writing mod/syconn/swm/addons/LightsaberContent with maxs=true frames=true
[Architectury Transformer DEBUG] Transformed mod/syconn/swm/addons/LightsaberContent in 1.146 ms
[Architectury Transformer DEBUG] Transforming from mod/syconn/swm/util/json/JsonResourceReloader.class to mod/syconn/swm/util/json/JsonResourceReloader.class with 5 transformer(s) on dev.architectury.transformer.handler.TinyRemapperPreparedTransformerHandler
[Architectury Transformer DEBUG] Found class transformer
[Architectury Transformer DEBUG] Writing mod/syconn/swm/util/json/JsonResourceReloader with maxs=true frames=true
[Architectury Transformer DEBUG] Transformed mod/syconn/swm/util/json/JsonResourceReloader in 1.484 ms
[Architectury Transformer DEBUG] Transforming from mod/syconn/swm/features/lightsaber/data/LightsaberData.class to mod/syconn/swm/features/lightsaber/data/LightsaberData.class with 5 transformer(s) on dev.architectury.transformer.handler.TinyRemapperPreparedTransformerHandler
[Architectury Transformer DEBUG] Found class transformer
[Architectury Transformer DEBUG] Writing mod/syconn/swm/features/lightsaber/data/LightsaberData with maxs=true frames=true
[Architectury Transformer DEBUG] Transformed mod/syconn/swm/features/lightsaber/data/LightsaberData in 1.629 ms
[Architectury Transformer DEBUG] Transforming from mod/syconn/swm/client/StarWarsClient.class to mod/syconn/swm/client/StarWarsClient.class with 5 transformer(s) on dev.architectury.transformer.handler.TinyRemapperPreparedTransformerHandler
[Architectury Transformer DEBUG] Found class transformer
[Architectury Transformer DEBUG] Writing mod/syconn/swm/client/StarWarsClient with maxs=true frames=true
[Architectury Transformer DEBUG] Transformed mod/syconn/swm/client/StarWarsClient in 824.9 μs
[Architectury Transformer DEBUG] Transforming from mod/syconn/swm/util/client/render/IItemRenderer.class to mod/syconn/swm/util/client/render/IItemRenderer.class with 5 transformer(s) on dev.architectury.transformer.handler.TinyRemapperPreparedTransformerHandler
[Architectury Transformer DEBUG] Found class transformer
[Architectury Transformer DEBUG] Writing mod/syconn/swm/util/client/render/IItemRenderer with maxs=true frames=true
[Architectury Transformer DEBUG] Transformed mod/syconn/swm/util/client/render/IItemRenderer in 652.3 μs
[Architectury Transformer DEBUG] Transforming from mod/syconn/swm/features/lightsaber/client/LightsaberItemRender.class to mod/syconn/swm/features/lightsaber/client/LightsaberItemRender.class with 5 transformer(s) on dev.architectury.transformer.handler.TinyRemapperPreparedTransformerHandler
[Architectury Transformer DEBUG] Found class transformer
[Architectury Transformer DEBUG] Writing mod/syconn/swm/features/lightsaber/client/LightsaberItemRender with maxs=true frames=true
[Architectury Transformer DEBUG] Transformed mod/syconn/swm/features/lightsaber/client/LightsaberItemRender in 725.6 μs
[Architectury Transformer DEBUG] Transforming from mod/syconn/swm/util/Constants.class to mod/syconn/swm/util/Constants.class with 5 transformer(s) on dev.architectury.transformer.handler.TinyRemapperPreparedTransformerHandler
[Architectury Transformer DEBUG] Found class transformer
[Architectury Transformer DEBUG] Writing mod/syconn/swm/util/Constants with maxs=true frames=true
[Architectury Transformer DEBUG] Transformed mod/syconn/swm/util/Constants in 375.5 μs
[Architectury Transformer DEBUG] Transforming from mod/syconn/swm/util/json/JsonUtils.class to mod/syconn/swm/util/json/JsonUtils.class with 5 transformer(s) on dev.architectury.transformer.handler.TinyRemapperPreparedTransformerHandler
[Architectury Transformer DEBUG] Found class transformer
[Architectury Transformer DEBUG] Writing mod/syconn/swm/util/json/JsonUtils with maxs=true frames=true
[Architectury Transformer DEBUG] Transformed mod/syconn/swm/util/json/JsonUtils in 1.776 ms
[Architectury Transformer DEBUG] Transforming from mod/syconn/swm/client/render/entity/PlasmaRenderer.class to mod/syconn/swm/client/render/entity/PlasmaRenderer.class with 5 transformer(s) on dev.architectury.transformer.handler.TinyRemapperPreparedTransformerHandler
[Architectury Transformer DEBUG] Found class transformer
[Architectury Transformer DEBUG] Writing mod/syconn/swm/client/render/entity/PlasmaRenderer with maxs=true frames=true
[Architectury Transformer DEBUG] Transformed mod/syconn/swm/client/render/entity/PlasmaRenderer in 10.05 ms
[Architectury Transformer DEBUG] Transforming from mod/syconn/swm/features/lightsaber/data/LightsaberTag.class to mod/syconn/swm/features/lightsaber/data/LightsaberTag.class with 5 transformer(s) on dev.architectury.transformer.handler.TinyRemapperPreparedTransformerHandler
[Architectury Transformer DEBUG] Found class transformer
[Architectury Transformer DEBUG] Writing mod/syconn/swm/features/lightsaber/data/LightsaberTag with maxs=true frames=true
[Architectury Transformer DEBUG] Transformed mod/syconn/swm/features/lightsaber/data/LightsaberTag in 10.57 ms
[Architectury Transformer DEBUG] Transforming from mod/syconn/swm/util/nbt/NbtTools.class to mod/syconn/swm/util/nbt/NbtTools.class with 5 transformer(s) on dev.architectury.transformer.handler.TinyRemapperPreparedTransformerHandler
[Architectury Transformer DEBUG] Found class transformer
[Architectury Transformer DEBUG] Writing mod/syconn/swm/util/nbt/NbtTools with maxs=true frames=true
[Architectury Transformer DEBUG] Transformed mod/syconn/swm/util/nbt/NbtTools in 1.385 ms
[Architectury Transformer DEBUG] Transforming from mod/syconn/swm/util/client/PlasmaBuffer.class to mod/syconn/swm/util/client/PlasmaBuffer.class with 5 transformer(s) on dev.architectury.transformer.handler.TinyRemapperPreparedTransformerHandler
[Architectury Transformer DEBUG] Found class transformer
[Architectury Transformer DEBUG] Writing mod/syconn/swm/util/client/PlasmaBuffer with maxs=true frames=true
[Architectury Transformer DEBUG] Transformed mod/syconn/swm/util/client/PlasmaBuffer in 5.173 ms
[Architectury Transformer DEBUG] Transforming from mod/syconn/swm/util/math/ColorUtil.class to mod/syconn/swm/util/math/ColorUtil.class with 5 transformer(s) on dev.architectury.transformer.handler.TinyRemapperPreparedTransformerHandler
[Architectury Transformer DEBUG] Found class transformer
[Architectury Transformer DEBUG] Writing mod/syconn/swm/util/math/ColorUtil with maxs=true frames=true
[Architectury Transformer DEBUG] Transformed mod/syconn/swm/util/math/ColorUtil in 2.989 ms
[Architectury Transformer DEBUG] Transforming from mod/syconn/swm/util/math/MathUtil.class to mod/syconn/swm/util/math/MathUtil.class with 5 transformer(s) on dev.architectury.transformer.handler.TinyRemapperPreparedTransformerHandler
[Architectury Transformer DEBUG] Found class transformer
[Architectury Transformer DEBUG] Writing mod/syconn/swm/util/math/MathUtil with maxs=true frames=true
[Architectury Transformer DEBUG] Transformed mod/syconn/swm/util/math/MathUtil in 1.594 ms
[Architectury Transformer DEBUG] Transforming from mod/syconn/swm/util/math/Ease.class to mod/syconn/swm/util/math/Ease.class with 5 transformer(s) on dev.architectury.transformer.handler.TinyRemapperPreparedTransformerHandler
[Architectury Transformer DEBUG] Found class transformer
[Architectury Transformer DEBUG] Writing mod/syconn/swm/util/math/Ease with maxs=true frames=true
[Architectury Transformer DEBUG] Transformed mod/syconn/swm/util/math/Ease in 390.9 μs
